Log file open, 11/04/18 23:55:21
LogWindows: Failed to load 'aqProf.dll' (GetLastError=126)
LogWindows: File 'aqProf.dll' does not exist
LogWindows: Failed to load 'VSPerf140.dll' (GetLastError=126)
LogWindows: File 'VSPerf140.dll' does not exist
LogWindows: Failed to load 'VtuneApi.dll' (GetLastError=126)
LogWindows: File 'VtuneApi.dll' does not exist
LogWindows: Failed to load 'VtuneApi32e.dll' (GetLastError=126)
LogWindows: File 'VtuneApi32e.dll' does not exist
LogInit: Display: Running engine for game: ZanyHammerEX2
LogPlatformFile: Not using cached read wrapper
LogTaskGraph: Started task graph with 5 named threads and 23 total threads with 3 sets of task threads.
LogStats: Stats thread started at 0.338197
LogD3D11RHI: Loaded GFSDK_Aftermath_Lib.x64.dll
LogICUInternationalization: Display: ICU TimeZone Detection - Raw Offset: -8:00, Platform Override: ''
LogPluginManager: Mounting plugin Paper2D
LogPluginManager: Mounting plugin AISupport
LogPluginManager: Mounting plugin LightPropagationVolume
LogPluginManager: Mounting plugin CLionSourceCodeAccess
LogPluginManager: Mounting plugin CodeLiteSourceCodeAccess
LogPluginManager: Mounting plugin GitSourceControl
LogPluginManager: Mounting plugin KDevelopSourceCodeAccess
LogPluginManager: Mounting plugin NullSourceCodeAccess
LogPluginManager: Mounting plugin PerforceSourceControl
LogPluginManager: Mounting plugin SubversionSourceControl
LogPluginManager: Mounting plugin UObjectPlugin
LogPluginManager: Mounting plugin VisualStudioCodeSourceCodeAccess
LogPluginManager: Mounting plugin VisualStudioSourceCodeAccess
LogPluginManager: Mounting plugin XCodeSourceCodeAccess
LogPluginManager: Mounting plugin AssetManagerEditor
LogPluginManager: Mounting plugin CryptoKeys
LogPluginManager: Mounting plugin DataValidation
LogPluginManager: Mounting plugin FacialAnimation
LogPluginManager: Mounting plugin GameplayTagsEditor
LogPluginManager: Mounting plugin MacGraphicsSwitching
LogPluginManager: Mounting plugin MeshEditor
LogPluginManager: Mounting plugin MobileLauncherProfileWizard
LogPluginManager: Mounting plugin PluginBrowser
LogPluginManager: Mounting plugin SpeedTreeImporter
LogPluginManager: Mounting plugin DatasmithContent
LogPluginManager: Mounting plugin AlembicImporter
LogPluginManager: Mounting plugin AppleImageUtils
LogPluginManager: Mounting plugin AppleVision
LogPluginManager: Mounting plugin BackChannel
LogPluginManager: Mounting plugin CharacterAI
LogPluginManager: Mounting plugin GeometryCache
LogPluginManager: Mounting plugin HTML5Networking
LogPluginManager: Mounting plugin ProxyLODPlugin
LogPluginManager: Mounting plugin MagicLeap
LogPluginManager: Mounting plugin MagicLeapEmulator
LogPluginManager: Mounting plugin MagicLeapMedia
LogPluginManager: Mounting plugin AndroidMedia
LogPluginManager: Mounting plugin AvfMedia
LogPluginManager: Mounting plugin ImgMedia
LogPluginManager: Mounting plugin LinearTimecode
LogPluginManager: Mounting plugin MediaCompositing
LogPluginManager: Mounting plugin MediaPlayerEditor
LogPluginManager: Mounting plugin WmfMedia
LogPluginManager: Mounting plugin TcpMessaging
LogPluginManager: Mounting plugin UdpMessaging
LogPluginManager: Mounting plugin ActorSequence
LogPluginManager: Mounting plugin LevelSequenceEditor
LogPluginManager: Mounting plugin MatineeToLevelSequence
LogPluginManager: Mounting plugin NetcodeUnitTest
LogPluginManager: Mounting plugin NUTUnrealEngine4
LogPluginManager: Mounting plugin OnlineSubsystemGooglePlay
LogPluginManager: Mounting plugin OnlineSubsystemIOS
LogPluginManager: Mounting plugin OnlineSubsystem
LogPluginManager: Mounting plugin OnlineSubsystemNull
LogPluginManager: Mounting plugin OnlineSubsystemUtils
LogPluginManager: Mounting plugin LauncherChunkInstaller
LogPluginManager: Mounting plugin AndroidDeviceProfileSelector
LogPluginManager: Mounting plugin AndroidMoviePlayer
LogPluginManager: Mounting plugin AndroidPermission
LogPluginManager: Mounting plugin AppleMoviePlayer
LogPluginManager: Mounting plugin ArchVisCharacter
LogPluginManager: Mounting plugin AudioCapture
LogPluginManager: Mounting plugin CableComponent
LogPluginManager: Mounting plugin CustomMeshComponent
LogPluginManager: Mounting plugin EditableMesh
LogPluginManager: Mounting plugin ExampleDeviceProfileSelector
LogPluginManager: Mounting plugin GoogleCloudMessaging
LogPluginManager: Mounting plugin ImmediatePhysics
LogPluginManager: Mounting plugin IOSDeviceProfileSelector
LogPluginManager: Mounting plugin LinuxDeviceProfileSelector
LogPluginManager: Mounting plugin LocationServicesBPLibrary
LogPluginManager: Mounting plugin MobilePatchingUtils
LogPluginManager: Mounting plugin OculusVR
LogPluginManager: Plugin shader directory ../../../Engine/Plugins/Runtime/Oculus/OculusVR/Shaders found
LogPluginManager: Mapping shader source directory ../../../Engine/Plugins/Runtime/Oculus/OculusVR/Shaders to virtual directory /Plugin/OculusVR
LogPluginManager: Mounting plugin PhysXVehicles
LogPluginManager: Mounting plugin ProceduralMeshComponent
LogPluginManager: Mounting plugin RuntimePhysXCooking
LogPluginManager: Mounting plugin SteamVR
LogPluginManager: Mounting plugin WindowsMoviePlayer
LogStreaming: Display: Took  0.309s to configure plugins.
LogInit: Using libcurl 7.55.1-DEV
LogInit:  - built for x86_64-pc-win32
LogInit:  - supports SSL with OpenSSL/1.0.2h
LogInit:  - supports HTTP deflate (compression) using libz 1.2.8
LogInit:  - other features:
LogInit:      CURL_VERSION_SSL
LogInit:      CURL_VERSION_LIBZ
LogInit:      CURL_VERSION_IPV6
LogInit:      CURL_VERSION_ASYNCHDNS
LogInit:      CURL_VERSION_LARGEFILE
LogInit:      CURL_VERSION_IDN
LogInit:  CurlRequestOptions (configurable via config and command line):
LogInit:  - bVerifyPeer = false  - Libcurl will NOT verify peer certificate
LogInit:  - bUseHttpProxy = false  - Libcurl will NOT use HTTP proxy
LogInit:  - bDontReuseConnections = false  - Libcurl will reuse connections
LogInit:  - CertBundlePath = nullptr  - Libcurl will use whatever was configured at build time.
LogInit:  - MaxHostConnections = 16  - Libcurl will limit the number of connections to a host
LogInit:  - LocalHostAddr = Default
LogInit:  - BufferSize = 65536
LogInit: WinSock: version 1.1 (2.2), MaxSocks=32767, MaxUdp=65467
LogInit: Build: ++UE4+Release-4.20-CL-4369336
LogInit: Engine Version: 4.20.3-4369336+++UE4+Release-4.20
LogInit: Compatible Engine Version: 4.20.0-4212847+++UE4+Release-4.20
LogInit: Net CL: 4212847
LogInit: OS: Windows 10 (), CPU: AMD FX(tm)-8350 Eight-Core Processor           , GPU: NVIDIA GeForce GTX 960
LogInit: Compiled (64-bit): Sep 17 2018 12:26:19
LogInit: Compiled with Visual C++: 19.13.26129.00
LogInit: Build Configuration: Development
LogInit: Branch Name: ++UE4+Release-4.20
LogInit: Command Line: 
LogInit: Base Directory: C:/Program Files/Epic Games/UE_4.20/Engine/Binaries/Win64/
LogInit: Installed Engine Build: 1
LogDevObjectVersion: Number of dev versions registered: 20
LogDevObjectVersion:   Dev-Blueprints (B0D832E4-1F89-4F0D-ACCF-7EB736FD4AA2): 10
LogDevObjectVersion:   Dev-Build (E1C64328-A22C-4D53-A36C-8E866417BD8C): 0
LogDevObjectVersion:   Dev-Core (375EC13C-06E4-48FB-B500-84F0262A717E): 2
LogDevObjectVersion:   Dev-Editor (E4B068ED-F494-42E9-A231-DA0B2E46BB41): 24
LogDevObjectVersion:   Dev-Framework (CFFC743F-43B0-4480-9391-14DF171D2073): 34
LogDevObjectVersion:   Dev-Mobile (B02B49B5-BB20-44E9-A304-32B752E40360): 2
LogDevObjectVersion:   Dev-Networking (A4E4105C-59A1-49B5-A7C5-40C4547EDFEE): 0
LogDevObjectVersion:   Dev-Online (39C831C9-5AE6-47DC-9A44-9C173E1C8E7C): 0
LogDevObjectVersion:   Dev-Physics (78F01B33-EBEA-4F98-B9B4-84EACCB95AA2): 0
LogDevObjectVersion:   Dev-Platform (6631380F-2D4D-43E0-8009-CF276956A95A): 0
LogDevObjectVersion:   Dev-Rendering (12F88B9F-8875-4AFC-A67C-D90C383ABD29): 26
LogDevObjectVersion:   Dev-Sequencer (7B5AE74C-D270-4C10-A958-57980B212A5A): 9
LogDevObjectVersion:   Dev-VR (D7296918-1DD6-4BDD-9DE2-64A83CC13884): 2
LogDevObjectVersion:   Dev-LoadTimes (C2A15278-BFE7-4AFE-6C17-90FF531DF755): 1
LogDevObjectVersion:   Private-Geometry (6EACA3D4-40EC-4CC1-B786-8BED09428FC5): 3
LogDevObjectVersion:   Dev-AnimPhys (29E575DD-E0A3-4627-9D10-D276232CDCEA): 17
LogDevObjectVersion:   Dev-ReflectionCapture (6B266CEC-1EC7-4B8F-A30B-E4D90942FC07): 1
LogDevObjectVersion:   Dev-Automation (0DF73D61-A23F-47EA-B727-89E90C41499A): 1
LogDevObjectVersion:   FortniteMain (601D1886-AC64-4F84-AA16-D3DE0DEAC7D6): 12
LogDevObjectVersion:   Dev-Enterprise (9DFFBCD6-494F-0158-E221-12823C92A888): 1
LogStreaming: Display: Took  0.019s to delete old logs.
LogInit: Presizing for max 8388607 objects, including 0 objects not considered by GC, pre-allocating 0 bytes for permanent pool.
LogInit: Object subsystem initialized
[2018.11.05-07.55.21:650][  0]LogInit: Selected Device Profile: [Windows]
[2018.11.05-07.55.21:650][  0]LogInit: Applying CVar settings loaded from the selected device profile: [Windows]
[2018.11.05-07.55.21:689][  0]LogHAL: Display: Platform has ~ 16 GB [17125388288 / 17179869184 / 16], which maps to Larger [LargestMinGB=32, LargerMinGB=12, DefaultMinGB=8, SmallerMinGB=6, SmallestMinGB=0)
[2018.11.05-07.55.21:689][  0]LogInit: Setting Device Profile CVar: [[r.Vulkan.UseRealUBs:1]]
[2018.11.05-07.55.21:689][  0]LogInit: Going up to parent DeviceProfile []
[2018.11.05-07.55.21:690][  0]LogInit: Computer: TITANTOWER
[2018.11.05-07.55.21:690][  0]LogInit: User: Daniel
[2018.11.05-07.55.21:690][  0]LogInit: CPU Page size=4096, Cores=4
[2018.11.05-07.55.21:690][  0]LogInit: High frequency timer resolution =3.906349 MHz
[2018.11.05-07.55.21:690][  0]LogMemory: Memory total: Physical=15.9GB (16GB approx)
[2018.11.05-07.55.21:690][  0]LogMemory: Platform Memory Stats for Windows
[2018.11.05-07.55.21:690][  0]LogMemory: Process Physical Memory: 102.13 MB used, 102.13 MB peak
[2018.11.05-07.55.21:690][  0]LogMemory: Process Virtual Memory: 93.44 MB used, 93.44 MB peak
[2018.11.05-07.55.21:690][  0]LogMemory: Physical Memory: 10306.24 MB used,  6025.80 MB free, 16332.04 MB total
[2018.11.05-07.55.21:690][  0]LogMemory: Virtual Memory: 4642.52 MB used,  6025.80 MB free, 134217728.00 MB total
[2018.11.05-07.55.21:721][  0]LogInit: Using OS detected language (en-US).
[2018.11.05-07.55.21:721][  0]LogInit: Using OS detected locale (en-US).
[2018.11.05-07.55.21:723][  0]LogTextLocalizationManager: No specific localization for 'en-US' exists, so the 'en' localization will be used.
[2018.11.05-07.55.22:232][  0]LogStreaming: Display: Took  0.511s to InitEngineTextLocalization.
[2018.11.05-07.55.22:232][  0]LogInit: Setting process to per monitor DPI aware
[2018.11.05-07.55.22:286][  0]LogSlate: New Slate User Created.  User Index 0, Is Virtual User: 0
[2018.11.05-07.55.22:286][  0]LogSlate: Slate User Registered.  User Index 0, Is Virtual User: 0
[2018.11.05-07.55.22:565][  0]LogHMD: Failed to initialize OpenVR with code 110
[2018.11.05-07.55.22:565][  0]LogD3D11RHI: D3D11 adapters:
[2018.11.05-07.55.22:636][  0]LogD3D11RHI:    0. 'NVIDIA GeForce GTX 960' (Feature Level 11_0)
[2018.11.05-07.55.22:636][  0]LogD3D11RHI:       4062/0/8166 MB DedicatedVideo/DedicatedSystem/SharedSystem, Outputs:2, VendorId:0x10de
[2018.11.05-07.55.22:639][  0]LogD3D11RHI:    1. 'Microsoft Basic Render Driver' (Feature Level 11_0)
[2018.11.05-07.55.22:639][  0]LogD3D11RHI:       0/0/8166 MB DedicatedVideo/DedicatedSystem/SharedSystem, Outputs:0, VendorId:0x1414
[2018.11.05-07.55.22:639][  0]LogD3D11RHI: Chosen D3D11 Adapter: 0
[2018.11.05-07.55.22:655][  0]LogD3D11RHI: Creating new Direct3DDevice
[2018.11.05-07.55.22:655][  0]LogD3D11RHI:     GPU DeviceId: 0x1401 (for the marketing name, search the web for "GPU Device Id")
[2018.11.05-07.55.22:655][  0]LogWindows: EnumDisplayDevices:
[2018.11.05-07.55.22:655][  0]LogWindows:    0. 'NVIDIA GeForce GTX 960' (P:1 D:1)
[2018.11.05-07.55.22:656][  0]LogWindows:    1. 'NVIDIA GeForce GTX 960' (P:0 D:1)
[2018.11.05-07.55.22:656][  0]LogWindows:    2. 'NVIDIA GeForce GTX 960' (P:0 D:0)
[2018.11.05-07.55.22:656][  0]LogWindows:    3. 'NVIDIA GeForce GTX 960' (P:0 D:0)
[2018.11.05-07.55.22:656][  0]LogWindows: DebugString: FoundDriverCount:4 
[2018.11.05-07.55.22:656][  0]LogD3D11RHI:     Adapter Name: NVIDIA GeForce GTX 960
[2018.11.05-07.55.22:656][  0]LogD3D11RHI:   Driver Version: 388.71 (internal:23.21.13.8871, unified:388.71)
[2018.11.05-07.55.22:656][  0]LogD3D11RHI:      Driver Date: 12-15-2017
[2018.11.05-07.55.22:656][  0]LogRHI: Texture pool is 2843 MB (70% of 4062 MB)
[2018.11.05-07.55.22:698][  0]LogD3D11RHI: Async texture creation enabled
[2018.11.05-07.55.22:711][  0]LogD3D11RHI: GPU Timing Frequency: 1000.000000 (Debug: 2 1)
[2018.11.05-07.55.27:250][  0]LogWindowsTextInputMethodSystem: Display: IME system now deactivated.
[2018.11.05-07.55.27:258][  0]LogShaderCompilers: Guid format shader working directory is -11 characters bigger than the processId version (D:/Documents/Unreal Projects/exampleProject/ZanyHammerEX2/Intermediate/Shaders/WorkingDirectory/26600/).
[2018.11.05-07.55.27:258][  0]LogShaderCompilers: Cleaned the shader compiler working directory 'C:/Users/Daniel/AppData/Local/Temp/UnrealShaderWorkingDir/7521E6D04733E4F9FF02D4B34E4C8647/'.
[2018.11.05-07.55.27:632][  0]LogTemp: Display: Loaded TP AllDesktopTargetPlatform
[2018.11.05-07.55.27:655][  0]LogTemp: Display: Loaded TP MacClientTargetPlatform
[2018.11.05-07.55.27:677][  0]LogTemp: Display: Loaded TP MacNoEditorTargetPlatform
[2018.11.05-07.55.27:701][  0]LogTemp: Display: Loaded TP MacServerTargetPlatform
[2018.11.05-07.55.27:725][  0]LogTemp: Display: Loaded TP MacTargetPlatform
[2018.11.05-07.55.27:749][  0]LogTemp: Display: Loaded TP WindowsClientTargetPlatform
[2018.11.05-07.55.27:770][  0]LogTemp: Display: Loaded TP WindowsNoEditorTargetPlatform
[2018.11.05-07.55.27:797][  0]LogTemp: Display: Loaded TP WindowsServerTargetPlatform
[2018.11.05-07.55.27:808][  0]LogTemp: Display: Loaded TP WindowsTargetPlatform
[2018.11.05-07.55.27:933][  0]LogTemp: Display: Loaded TP AndroidTargetPlatform
[2018.11.05-07.55.27:933][  0]LogTemp: Display: Loaded TP AndroidTargetPlatform
[2018.11.05-07.55.27:933][  0]LogTemp: Display: Loaded TP AndroidTargetPlatform
[2018.11.05-07.55.27:933][  0]LogTemp: Display: Loaded TP AndroidTargetPlatform
[2018.11.05-07.55.27:933][  0]LogTemp: Display: Loaded TP AndroidTargetPlatform
[2018.11.05-07.55.27:933][  0]LogTemp: Display: Loaded TP AndroidTargetPlatform
[2018.11.05-07.55.27:933][  0]LogTemp: Display: Loaded TP AndroidTargetPlatform
[2018.11.05-07.55.27:933][  0]LogTemp: Display: Loaded TP AndroidTargetPlatform
[2018.11.05-07.55.27:933][  0]LogTemp: Display: Loaded TP AndroidTargetPlatform
[2018.11.05-07.55.27:933][  0]LogTemp: Display: Loaded TP AndroidTargetPlatform
[2018.11.05-07.55.27:933][  0]LogTemp: Display: Loaded TP AndroidTargetPlatform
[2018.11.05-07.55.27:933][  0]LogTemp: Display: Loaded TP AndroidTargetPlatform
[2018.11.05-07.55.27:933][  0]LogTemp: Display: Loaded TP AndroidTargetPlatform
[2018.11.05-07.55.27:933][  0]LogTemp: Display: Loaded TP AndroidTargetPlatform
[2018.11.05-07.55.27:933][  0]LogTemp: Display: Loaded TP AndroidTargetPlatform
[2018.11.05-07.55.27:933][  0]LogTemp: Display: Loaded TP AndroidTargetPlatform
[2018.11.05-07.55.27:933][  0]LogTemp: Display: Loaded TP AndroidTargetPlatform
[2018.11.05-07.55.27:933][  0]LogTemp: Display: Loaded TP AndroidTargetPlatform
[2018.11.05-07.55.27:935][  0]LogTemp: Display: Loaded TP HTML5TargetPlatform
[2018.11.05-07.55.28:018][  0]LogTemp: Display: Loaded TP IOSTargetPlatform
[2018.11.05-07.55.28:018][  0]LogTemp: Display: Loaded TP IOSTargetPlatform
[2018.11.05-07.55.28:067][  0]LogTemp: Display: Loaded TP TVOSTargetPlatform
[2018.11.05-07.55.28:067][  0]LogTemp: Display: Loaded TP TVOSTargetPlatform
[2018.11.05-07.55.28:090][  0]LogTemp: Display: Loaded TP LinuxClientTargetPlatform
[2018.11.05-07.55.28:114][  0]LogTemp: Display: Loaded TP LinuxNoEditorTargetPlatform
[2018.11.05-07.55.28:137][  0]LogTemp: Display: Loaded TP LinuxServerTargetPlatform
[2018.11.05-07.55.28:158][  0]LogTemp: Display: Loaded TP LinuxTargetPlatform
[2018.11.05-07.55.28:173][  0]LogTemp: Display: Loaded TP LuminTargetPlatform
[2018.11.05-07.55.28:173][  0]LogTargetPlatformManager: Display: Building Assets For Windows
[2018.11.05-07.55.28:271][  0]LogXGEController: Cannot use XGE Controller as Incredibuild is not installed on this machine.
[2018.11.05-07.55.28:271][  0]LogShaderCompilers: Cannot use XGE Shader Compiler as Incredibuild is not installed on this machine.
[2018.11.05-07.55.28:271][  0]LogShaderCompilers: Display: Using Local Shader Compiler.
[2018.11.05-07.55.29:503][  0]LogDerivedDataCache: Display: Max Cache Size: 512 MB
[2018.11.05-07.55.29:597][  0]LogDerivedDataCache: Loaded boot cache 0.09s 71MB C:/Users/Daniel/AppData/Local/UnrealEngine/4.20/DerivedDataCache/Boot.ddc.
[2018.11.05-07.55.29:598][  0]LogDerivedDataCache: Display: Loaded Boot cache: C:/Users/Daniel/AppData/Local/UnrealEngine/4.20/DerivedDataCache/Boot.ddc
[2018.11.05-07.55.29:598][  0]LogDerivedDataCache: FDerivedDataBackendGraph:  Pak pak cache file D:/Documents/Unreal Projects/exampleProject/ZanyHammerEX2/DerivedDataCache/DDC.ddp not found, will not use a pak cache.
[2018.11.05-07.55.29:598][  0]LogDerivedDataCache: Unable to find inner node Pak for hierarchical cache Hierarchy.
[2018.11.05-07.55.29:598][  0]LogDerivedDataCache: FDerivedDataBackendGraph:  CompressedPak pak cache file D:/Documents/Unreal Projects/exampleProject/ZanyHammerEX2/DerivedDataCache/Compressed.ddp not found, will not use a pak cache.
[2018.11.05-07.55.29:598][  0]LogDerivedDataCache: Unable to find inner node CompressedPak for hierarchical cache Hierarchy.
[2018.11.05-07.55.29:615][  0]LogDerivedDataCache: Display: Pak cache opened for reading ../../../Engine/DerivedDataCache/Compressed.ddp.
[2018.11.05-07.55.29:629][  0]LogDerivedDataCache: Using Local data cache path C:/Users/Daniel/AppData/Local/UnrealEngine/Common/DerivedDataCache: Writable
[2018.11.05-07.55.29:629][  0]LogDerivedDataCache: Shared data cache path not found in *engine.ini, will not use an Shared cache.
[2018.11.05-07.55.29:629][  0]LogDerivedDataCache: Unable to find inner node Shared for hierarchical cache Hierarchy.
[2018.11.05-07.55.29:658][  0]LogMaterial: Verifying Global Shaders for PCD3D_SM5
[2018.11.05-07.55.29:660][  0]LogSlate: Using FreeType 2.6.0
[2018.11.05-07.55.29:661][  0]LogSlate: SlateFontServices - WITH_FREETYPE: 1, WITH_HARFBUZZ: 1
[2018.11.05-07.55.29:757][  0]LogAssetRegistry: FAssetRegistry took 0.0309 seconds to start up
[2018.11.05-07.55.30:349][  0]LogInit: Selected Device Profile: [Windows]
[2018.11.05-07.55.30:540][  0]LogSimplygon: Simplygon DLL not present - disabling.
[2018.11.05-07.55.30:547][  0]LogMeshReduction: Using SimplygonSwarm for distributed automatic mesh merging
[2018.11.05-07.55.30:547][  0]LogMeshReduction: Using ProxyLODMeshReduction for automatic mesh merging
[2018.11.05-07.55.30:547][  0]LogMeshReduction: Using QuadricMeshReduction for automatic static mesh reduction
[2018.11.05-07.55.30:547][  0]LogMeshReduction: No automatic skeletal mesh reduction module available
[2018.11.05-07.55.30:577][  0]LogNetVersion: ZanyHammerEX2 1.0.0, NetCL: 4212847, EngineNetVer: 5, GameNetVer: 0 (Checksum: 3791590406)
[2018.11.05-07.55.31:877][  0]LogPackageLocalizationCache: Processed 11 localized package path(s) for 2 prioritized culture(s) in 0.736673 seconds
[2018.11.05-07.55.31:885][  0]LogUObjectArray: 38425 objects as part of root set at end of initial load.
[2018.11.05-07.55.31:886][  0]LogUObjectAllocator: 6690872 out of 0 bytes used by permanent object pool.
[2018.11.05-07.55.31:886][  0]LogUObjectArray: CloseDisregardForGC: 0/0 objects in disregard for GC pool
[2018.11.05-07.55.33:069][  0]LogTcpMessaging: Initializing TcpMessaging bridge
[2018.11.05-07.55.33:086][  0]LogUdpMessaging: Initializing bridge on interface 0.0.0.0:0 to multicast group 230.0.0.1:6666.
[2018.11.05-07.55.33:269][  0]SourceControl: Source control is disabled
[2018.11.05-07.55.33:269][  0]SourceControl: Source control is disabled
[2018.11.05-07.55.33:272][  0]SourceControl: Source control is disabled
[2018.11.05-07.55.33:273][  0]SourceControl: Source control is disabled
[2018.11.05-07.55.33:480][  0]LogAndroidPermission: UAndroidPermissionCallbackProxy::GetInstance
[2018.11.05-07.55.33:611][  0]LogOcInput: OculusInput pre-init called
[2018.11.05-07.55.33:702][  0]LogEngine: Initializing Engine...
[2018.11.05-07.55.33:704][  0]LogHMD: Failed to initialize OpenVR with code 110
[2018.11.05-07.55.33:706][  0]LogStats: UGameplayTagsManager::ConstructGameplayTagTree: ImportINI prefixes -  0.000 s
[2018.11.05-07.55.33:706][  0]LogStats: UGameplayTagsManager::ConstructGameplayTagTree: Construct from data asset -  0.000 s
[2018.11.05-07.55.33:707][  0]LogStats: UGameplayTagsManager::ConstructGameplayTagTree: ImportINI -  0.000 s
[2018.11.05-07.55.33:707][  0]LogStats: UGameplayTagsManager::ConstructGameplayTagTree: GameplayTagTreeChangedEvent.Broadcast -  0.000 s
[2018.11.05-07.55.34:027][  0]LogInit: Initializing FReadOnlyCVARCache
[2018.11.05-07.55.34:053][  0]LogAIModule: Creating AISystem for world Untitled
[2018.11.05-07.55.34:117][  0]LogInit: XAudio2 using 'Speakers (High Definition Audio Device)' : 2 channels at 48 kHz using 32 bits per sample (channel mask 0x3)
[2018.11.05-07.55.34:140][  0]LogInit: FAudioDevice initialized.
[2018.11.05-07.55.34:141][  0]LogNetVersion: Set ProjectVersion to 1.0.0.0. Version Checksum will be recalculated on next use.
[2018.11.05-07.55.34:266][  0]LogDerivedDataCache: Saved boot cache 0.12s 71MB C:/Users/Daniel/AppData/Local/UnrealEngine/4.20/DerivedDataCache/Boot.ddc.
[2018.11.05-07.55.34:279][  0]LogInit: Texture streaming: Enabled
[2018.11.05-07.55.34:311][  0]LogEngineSessionManager: EngineSessionManager initialized
[2018.11.05-07.55.34:345][  0]LogInit: Transaction tracking system initialized
[2018.11.05-07.55.34:386][  0]BlueprintLog: New page: Editor Load
[2018.11.05-07.55.34:535][  0]LocalizationService: Localization service is disabled
[2018.11.05-07.55.34:667][  0]LogLinker: Warning: Can't find file '/Game/FirstPersonBP/FirstPersonOverview'
[2018.11.05-07.55.34:667][  0]LogLinker: Warning: Can't find file '/Game/FirstPersonBP/FirstPersonOverview'
[2018.11.05-07.55.34:668][  0]LogUObjectGlobals: Warning: Failed to find object 'Class /Game/FirstPersonBP/FirstPersonOverview.FirstPersonOverview_C'
[2018.11.05-07.55.35:074][  0]LogCook: Display: Max memory allowance for cook 16384mb min free memory 0mb
[2018.11.05-07.55.35:074][  0]LogCook: Display: Mobile HDR setting 1
[2018.11.05-07.55.35:074][  0]LogGameplayTags: Display: UGameplayTagsManager::DoneAddingNativeTags. DelegateIsBound: 0
[2018.11.05-07.55.35:074][  0]LogStats: UGameplayTagsManager::ConstructGameplayTagTree: ImportINI prefixes -  0.000 s
[2018.11.05-07.55.35:074][  0]LogStats: UGameplayTagsManager::ConstructGameplayTagTree: Construct from data asset -  0.000 s
[2018.11.05-07.55.35:075][  0]LogStats: UGameplayTagsManager::ConstructGameplayTagTree: ImportINI -  0.001 s
[2018.11.05-07.55.35:075][  0]LogStats: UGameplayTagsManager::ConstructGameplayTagTree: GameplayTagTreeChangedEvent.Broadcast -  0.000 s
[2018.11.05-07.55.35:316][  0]LogFileCache: Scanning file cache for directory 'D:/Documents/Unreal Projects/exampleProject/ZanyHammerEX2/Content/' took 0.03s
[2018.11.05-07.55.35:316][  0]SourceControl: Source control is disabled
[2018.11.05-07.55.35:316][  0]Cmd: MAP LOAD FILE="D:/Documents/Unreal Projects/exampleProject/ZanyHammerEX2/Content/StarterContent/Maps/Minimal_Default.umap" TEMPLATE=0 SHOWPROGRESS=1 FEATURELEVEL=3
[2018.11.05-07.55.35:319][  0]LightingResults: New page: Lighting Build
[2018.11.05-07.55.35:325][  0]MapCheck: New page: Map Check
[2018.11.05-07.55.35:325][  0]LightingResults: New page: Lighting Build
[2018.11.05-07.55.43:894][  0]LogAIModule: Creating AISystem for world Minimal_Default
[2018.11.05-07.55.44:098][  0]LogEditorServer: Finished looking for orphan Actors (0.000 secs)
[2018.11.05-07.55.44:214][  0]Cmd: MAP CHECKDEP NOCLEARLOG
[2018.11.05-07.55.44:375][  0]MapCheck: Map check complete: 0 Error(s), 0 Warning(s), took 161.423ms to complete.
[2018.11.05-07.55.44:375][  0]LogFileHelpers: Loading map 'Minimal_Default' took 9.059
[2018.11.05-07.55.44:488][  0]LogWindowsTextInputMethodSystem: Display: IME system now deactivated.
[2018.11.05-07.55.44:582][  0]LogSlate: Updating window title bar state: overlay mode, drag disabled, window buttons hidden, title bar hidden
[2018.11.05-07.55.44:593][  0]LogSlate: Updating window title bar state: overlay mode, drag disabled, window buttons hidden, title bar hidden
[2018.11.05-07.55.44:606][  0]LogSlate: Updating window title bar state: overlay mode, drag disabled, window buttons hidden, title bar hidden
[2018.11.05-07.55.44:618][  0]LogSlate: Updating window title bar state: overlay mode, drag disabled, window buttons hidden, title bar hidden
[2018.11.05-07.55.44:644][  0]LogCollectionManager: Loaded 0 collections in 0.008748 seconds
[2018.11.05-07.55.44:716][  0]LogFileCache: Scanning file cache for directory 'D:/Documents/Unreal Projects/exampleProject/ZanyHammerEX2/Saved/Collections/' took 0.01s
[2018.11.05-07.55.44:716][  0]LogFileCache: Scanning file cache for directory 'D:/Documents/Unreal Projects/exampleProject/ZanyHammerEX2/Content/Developers/Daniel/Collections/' took 0.01s
[2018.11.05-07.55.44:716][  0]LogFileCache: Scanning file cache for directory 'D:/Documents/Unreal Projects/exampleProject/ZanyHammerEX2/Content/Collections/' took 0.01s
[2018.11.05-07.55.44:716][  0]LogCollectionManager: Rebuilt the GUID cache for 0 collections in 0.000001 seconds
[2018.11.05-07.55.44:738][  0]LogContentBrowser: Native class hierarchy populated in 0.0198 seconds. Added 2572 classes and 603 folders.
[2018.11.05-07.55.44:758][  0]LogContentBrowser: Native class hierarchy updated for 'WidgetCarousel' in 0.0004 seconds. Added 0 classes and 0 folders.
[2018.11.05-07.55.45:288][  0]LogContentBrowser: Native class hierarchy updated for 'AddContentDialog' in 0.0004 seconds. Added 0 classes and 0 folders.
[2018.11.05-07.55.45:306][  0]LogContentBrowser: Native class hierarchy updated for 'SceneOutliner' in 0.0004 seconds. Added 1 classes and 2 folders.
[2018.11.05-07.55.45:573][  0]LogSlate: Took 0.000353 seconds to synchronously load lazily loaded font '../../../Engine/Content/Slate/Fonts/Roboto-Regular.ttf' (155K)
[2018.11.05-07.55.45:576][  0]LogSlate: Took 0.000335 seconds to synchronously load lazily loaded font '../../../Engine/Content/Slate/Fonts/Roboto-Bold.ttf' (160K)
[2018.11.05-07.55.45:592][  0]LogSlate: Took 0.007670 seconds to synchronously load lazily loaded font '../../../Engine/Content/Editor/Slate/Fonts/FontAwesome.ttf' (139K)
[2018.11.05-07.55.45:815][  0]LogRenderer: Reallocating scene render targets to support 1072x628 Format 10 NumSamples 1 (Frame:1).
[2018.11.05-07.55.46:089][  0]LogSlate: Took 0.007632 seconds to synchronously load lazily loaded font '../../../Engine/Content/Slate/Fonts/Roboto-Light.ttf' (167K)
[2018.11.05-07.55.46:192][  0]LogContentBrowser: Native class hierarchy updated for 'HierarchicalLODOutliner' in 0.0007 seconds. Added 0 classes and 0 folders.
[2018.11.05-07.55.46:192][  0]LogLoad: (Engine Initialization) Total time: 28.24 seconds
[2018.11.05-07.55.46:192][  0]LogLoad: (Engine Initialization) Total Blueprint compile time: 0.00 seconds
[2018.11.05-07.55.46:236][  0]LogContentStreaming: Texture pool size now 1000 MB
[2018.11.05-07.55.46:504][  2]LogAssetRegistry: Asset discovery search completed in 16.7696 seconds
[2018.11.05-07.55.46:506][  2]LogCollectionManager: Rebuilt the object cache for 0 collections in 0.000000 seconds (found 0 objects)
[2018.11.05-07.55.46:506][  2]LogCollectionManager: Fixed up redirectors for 0 collections in 0.000088 seconds (updated 0 objects)
[2018.11.05-07.55.47:317][ 23]LogSlate: Took 0.000268 seconds to synchronously load lazily loaded font '../../../Engine/Content/Slate/Fonts/Roboto-Light.ttf' (167K)
[2018.11.05-07.55.48:661][117]LogSlate: FSceneViewport::OnFocusLost() reason 0
[2018.11.05-07.55.48:723][121]LogTemp: Repeating last play command: New Editor Window (PIE)
[2018.11.05-07.55.48:766][121]LogBlueprintUserMessages: Early PlayInEditor Detection: Level '/Game/StarterContent/Maps/Minimal_Default.Minimal_Default:PersistentLevel' has LevelScriptBlueprint '/Game/StarterContent/Maps/Minimal_Default.Minimal_Default:PersistentLevel.Minimal_Default' with GeneratedClass '/Game/StarterContent/Maps/Minimal_Default.Minimal_Default_C' with ClassGeneratedBy '/Game/StarterContent/Maps/Minimal_Default.Minimal_Default:PersistentLevel.Minimal_Default'
[2018.11.05-07.55.48:766][121]LogPlayLevel: PlayLevel: No blueprints needed recompiling
[2018.11.05-07.55.48:782][121]PIE: New page: PIE session: Minimal_Default (Nov 4, 2018, 3:55:48 PM)
[2018.11.05-07.55.48:782][121]LogPlayLevel: Creating play world package: /Game/StarterContent/Maps/UEDPIE_0_Minimal_Default
[2018.11.05-07.55.48:915][121]LogPlayLevel: PIE: StaticDuplicateObject took: (0.132461s)
[2018.11.05-07.55.48:915][121]LogAIModule: Creating AISystem for world Minimal_Default
[2018.11.05-07.55.48:915][121]LogPlayLevel: PIE: World Init took: (0.001012s)
[2018.11.05-07.55.48:916][121]LogPlayLevel: PIE: Created PIE world by copying editor world from /Game/StarterContent/Maps/Minimal_Default.Minimal_Default to /Game/StarterContent/Maps/UEDPIE_0_Minimal_Default.Minimal_Default (0.134005s)
[2018.11.05-07.55.49:061][121]LogInit: XAudio2 using 'Speakers (High Definition Audio Device)' : 2 channels at 48 kHz using 32 bits per sample (channel mask 0x3)
[2018.11.05-07.55.49:075][121]LogInit: FAudioDevice initialized.
[2018.11.05-07.55.49:095][121]LogSlate: Updating window title bar state: overlay mode, drag disabled, window buttons hidden, title bar hidden
[2018.11.05-07.55.49:178][121]LogLoad: Game class is 'BP_GameMode_C'
[2018.11.05-07.55.49:245][121]LogWorld: Bringing World /Game/StarterContent/Maps/UEDPIE_0_Minimal_Default.Minimal_Default up for play (max tick rate 0) at 2018.11.04-23.55.49
[2018.11.05-07.55.49:256][121]LogWorld: Bringing up level for play took: 0.075214
[2018.11.05-07.55.49:280][121]LogContentBrowser: Native class hierarchy updated for 'MovieSceneCapture' in 0.0006 seconds. Added 10 classes and 0 folders.
[2018.11.05-07.55.49:293][121]PIE: Play in editor start time for /Game/StarterContent/Maps/UEDPIE_0_Minimal_Default -0.341
[2018.11.05-07.55.49:295][121]LogBlueprintUserMessages: Late PlayInEditor Detection: Level '/Game/StarterContent/Maps/Minimal_Default.Minimal_Default:PersistentLevel' has LevelScriptBlueprint '/Game/StarterContent/Maps/Minimal_Default.Minimal_Default:PersistentLevel.Minimal_Default' with GeneratedClass '/Game/StarterContent/Maps/Minimal_Default.Minimal_Default_C' with ClassGeneratedBy '/Game/StarterContent/Maps/Minimal_Default.Minimal_Default:PersistentLevel.Minimal_Default'
[2018.11.05-07.55.49:362][121]LogRenderer: Reallocating scene render targets to support 1292x756 Format 10 NumSamples 1 (Frame:1).
[2018.11.05-07.55.49:568][122]LogCharacterMovement: Warning: GetSimulationTimeStep() - Max iterations 8 hit while remaining time 0.096044 > MaxSimulationTimeStep (0.050) for 'FuckinFollowBITCH_2', movement 'Walking'
[2018.11.05-07.55.53:253][205]LogBlueprintUserMessages: [BP_Character_2] 75.0
[2018.11.05-07.55.53:289][206]LogBlueprintUserMessages: [BP_Character_2] 50.0
[2018.11.05-07.55.53:327][207]LogBlueprintUserMessages: [BP_Character_2] 25.0
[2018.11.05-07.55.53:358][208]LogBlueprintUserMessages: [BP_Character_2] 0.0
[2018.11.05-07.55.56:324][346]LogBlueprintUserMessages: [BP_Character_C_0] 75.0
[2018.11.05-07.55.56:324][346]LogBlueprintUserMessages: [BP_Character_C_0] 50.0
[2018.11.05-07.55.56:366][347]LogBlueprintUserMessages: [BP_Character_C_0] 25.0
[2018.11.05-07.55.56:403][348]LogBlueprintUserMessages: [BP_Character_C_0] 0.0
[2018.11.05-07.55.57:764][426]LogBlueprintUserMessages: Early EndPlayMap Detection: Level '/Game/StarterContent/Maps/Minimal_Default.Minimal_Default:PersistentLevel' has LevelScriptBlueprint '/Game/StarterContent/Maps/Minimal_Default.Minimal_Default:PersistentLevel.Minimal_Default' with GeneratedClass '/Game/StarterContent/Maps/Minimal_Default.Minimal_Default_C' with ClassGeneratedBy '/Game/StarterContent/Maps/Minimal_Default.Minimal_Default:PersistentLevel.Minimal_Default'
[2018.11.05-07.55.57:765][426]LogSlate: Updating window title bar state: overlay mode, drag disabled, window buttons hidden, title bar hidden
[2018.11.05-07.55.57:808][426]LogSlate: Window 'ZanyHammerEX2 Game Preview Standalone (64-bit/PCD3D_SM5)' being destroyed
[2018.11.05-07.55.57:922][426]LogPlayLevel: Display: Shutting down PIE online subsystems
[2018.11.05-07.55.57:923][426]LogBlueprintUserMessages: Late EndPlayMap Detection: Level '/Game/StarterContent/Maps/Minimal_Default.Minimal_Default:PersistentLevel' has LevelScriptBlueprint '/Game/StarterContent/Maps/Minimal_Default.Minimal_Default:PersistentLevel.Minimal_Default' with GeneratedClass '/Game/StarterContent/Maps/Minimal_Default.Minimal_Default_C' with ClassGeneratedBy '/Game/StarterContent/Maps/Minimal_Default.Minimal_Default:PersistentLevel.Minimal_Default'
[2018.11.05-07.55.58:091][427]LogPlayLevel: Display: Destroying online subsystem :Context_3
[2018.11.05-07.55.59:356][465]LogTemp: Repeating last play command: New Editor Window (PIE)
[2018.11.05-07.55.59:399][465]LogBlueprintUserMessages: Early PlayInEditor Detection: Level '/Game/StarterContent/Maps/Minimal_Default.Minimal_Default:PersistentLevel' has LevelScriptBlueprint '/Game/StarterContent/Maps/Minimal_Default.Minimal_Default:PersistentLevel.Minimal_Default' with GeneratedClass '/Game/StarterContent/Maps/Minimal_Default.Minimal_Default_C' with ClassGeneratedBy '/Game/StarterContent/Maps/Minimal_Default.Minimal_Default:PersistentLevel.Minimal_Default'
[2018.11.05-07.55.59:399][465]LogPlayLevel: PlayLevel: No blueprints needed recompiling
[2018.11.05-07.55.59:399][465]PIE: New page: PIE session: Minimal_Default (Nov 4, 2018, 3:55:59 PM)
[2018.11.05-07.55.59:399][465]LogPlayLevel: Creating play world package: /Game/StarterContent/Maps/UEDPIE_0_Minimal_Default
[2018.11.05-07.55.59:531][465]LogPlayLevel: PIE: StaticDuplicateObject took: (0.131964s)
[2018.11.05-07.55.59:532][465]LogAIModule: Creating AISystem for world Minimal_Default
[2018.11.05-07.55.59:532][465]LogPlayLevel: PIE: World Init took: (0.000922s)
[2018.11.05-07.55.59:532][465]LogPlayLevel: PIE: Created PIE world by copying editor world from /Game/StarterContent/Maps/Minimal_Default.Minimal_Default to /Game/StarterContent/Maps/UEDPIE_0_Minimal_Default.Minimal_Default (0.133357s)
[2018.11.05-07.55.59:672][465]LogInit: XAudio2 using 'Speakers (High Definition Audio Device)' : 2 channels at 48 kHz using 32 bits per sample (channel mask 0x3)
[2018.11.05-07.55.59:684][465]LogInit: FAudioDevice initialized.
[2018.11.05-07.55.59:703][465]LogSlate: Updating window title bar state: overlay mode, drag disabled, window buttons hidden, title bar hidden
[2018.11.05-07.55.59:758][465]LogLoad: Game class is 'BP_GameMode_C'
[2018.11.05-07.55.59:821][465]LogWorld: Bringing World /Game/StarterContent/Maps/UEDPIE_0_Minimal_Default.Minimal_Default up for play (max tick rate 0) at 2018.11.04-23.55.59
[2018.11.05-07.55.59:825][465]LogWorld: Bringing up level for play took: 0.066654
[2018.11.05-07.55.59:843][465]PIE: Play in editor start time for /Game/StarterContent/Maps/UEDPIE_0_Minimal_Default 0.209
[2018.11.05-07.55.59:844][465]LogBlueprintUserMessages: Late PlayInEditor Detection: Level '/Game/StarterContent/Maps/Minimal_Default.Minimal_Default:PersistentLevel' has LevelScriptBlueprint '/Game/StarterContent/Maps/Minimal_Default.Minimal_Default:PersistentLevel.Minimal_Default' with GeneratedClass '/Game/StarterContent/Maps/Minimal_Default.Minimal_Default_C' with ClassGeneratedBy '/Game/StarterContent/Maps/Minimal_Default.Minimal_Default:PersistentLevel.Minimal_Default'
[2018.11.05-07.56.00:072][466]LogCharacterMovement: Warning: GetSimulationTimeStep() - Max iterations 8 hit while remaining time 0.096044 > MaxSimulationTimeStep (0.050) for 'FuckinFollowBITCH_2', movement 'Walking'
[2018.11.05-07.58.55:604][  5]LogBlueprintUserMessages: Early EndPlayMap Detection: Level '/Game/StarterContent/Maps/Minimal_Default.Minimal_Default:PersistentLevel' has LevelScriptBlueprint '/Game/StarterContent/Maps/Minimal_Default.Minimal_Default:PersistentLevel.Minimal_Default' with GeneratedClass '/Game/StarterContent/Maps/Minimal_Default.Minimal_Default_C' with ClassGeneratedBy '/Game/StarterContent/Maps/Minimal_Default.Minimal_Default:PersistentLevel.Minimal_Default'
[2018.11.05-07.58.55:605][  5]LogSlate: Updating window title bar state: overlay mode, drag disabled, window buttons hidden, title bar hidden
[2018.11.05-07.58.55:648][  5]LogSlate: Window 'ZanyHammerEX2 Game Preview Standalone (64-bit/PCD3D_SM5)' being destroyed
[2018.11.05-07.58.55:737][  5]LogPlayLevel: Display: Shutting down PIE online subsystems
[2018.11.05-07.58.55:738][  5]LogBlueprintUserMessages: Late EndPlayMap Detection: Level '/Game/StarterContent/Maps/Minimal_Default.Minimal_Default:PersistentLevel' has LevelScriptBlueprint '/Game/StarterContent/Maps/Minimal_Default.Minimal_Default:PersistentLevel.Minimal_Default' with GeneratedClass '/Game/StarterContent/Maps/Minimal_Default.Minimal_Default_C' with ClassGeneratedBy '/Game/StarterContent/Maps/Minimal_Default.Minimal_Default:PersistentLevel.Minimal_Default'
[2018.11.05-07.58.55:941][  6]LogPlayLevel: Display: Destroying online subsystem :Context_4
[2018.11.05-07.59.11:390][ 52]LogEditorViewport: Clicking on Actor (LMB): StaticMeshActor (Cube2)
[2018.11.05-07.59.23:483][134]LogSlate: FSceneViewport::OnFocusLost() reason 0
[2018.11.05-07.59.23:552][135]LogTemp: Repeating last play command: New Editor Window (PIE)
[2018.11.05-07.59.23:602][135]LogBlueprintUserMessages: Early PlayInEditor Detection: Level '/Game/StarterContent/Maps/Minimal_Default.Minimal_Default:PersistentLevel' has LevelScriptBlueprint '/Game/StarterContent/Maps/Minimal_Default.Minimal_Default:PersistentLevel.Minimal_Default' with GeneratedClass '/Game/StarterContent/Maps/Minimal_Default.Minimal_Default_C' with ClassGeneratedBy '/Game/StarterContent/Maps/Minimal_Default.Minimal_Default:PersistentLevel.Minimal_Default'
[2018.11.05-07.59.23:602][135]LogPlayLevel: PlayLevel: No blueprints needed recompiling
[2018.11.05-07.59.23:603][135]PIE: New page: PIE session: Minimal_Default (Nov 4, 2018, 3:59:23 PM)
[2018.11.05-07.59.23:603][135]LogPlayLevel: Creating play world package: /Game/StarterContent/Maps/UEDPIE_0_Minimal_Default
[2018.11.05-07.59.23:752][135]LogPlayLevel: PIE: StaticDuplicateObject took: (0.148932s)
[2018.11.05-07.59.23:753][135]LogAIModule: Creating AISystem for world Minimal_Default
[2018.11.05-07.59.23:753][135]LogPlayLevel: PIE: World Init took: (0.001147s)
[2018.11.05-07.59.23:753][135]LogPlayLevel: PIE: Created PIE world by copying editor world from /Game/StarterContent/Maps/Minimal_Default.Minimal_Default to /Game/StarterContent/Maps/UEDPIE_0_Minimal_Default.Minimal_Default (0.150596s)
[2018.11.05-07.59.23:904][135]LogInit: XAudio2 using 'Speakers (High Definition Audio Device)' : 2 channels at 48 kHz using 32 bits per sample (channel mask 0x3)
[2018.11.05-07.59.23:918][135]LogInit: FAudioDevice initialized.
[2018.11.05-07.59.23:950][135]LogSlate: Updating window title bar state: overlay mode, drag disabled, window buttons hidden, title bar hidden
[2018.11.05-07.59.24:014][135]LogLoad: Game class is 'BP_GameMode_C'
[2018.11.05-07.59.24:081][135]LogWorld: Bringing World /Game/StarterContent/Maps/UEDPIE_0_Minimal_Default.Minimal_Default up for play (max tick rate 0) at 2018.11.04-23.59.24
[2018.11.05-07.59.24:085][135]LogWorld: Bringing up level for play took: 0.069493
[2018.11.05-07.59.24:104][135]PIE: Play in editor start time for /Game/StarterContent/Maps/UEDPIE_0_Minimal_Default 0.469
[2018.11.05-07.59.24:105][135]LogBlueprintUserMessages: Late PlayInEditor Detection: Level '/Game/StarterContent/Maps/Minimal_Default.Minimal_Default:PersistentLevel' has LevelScriptBlueprint '/Game/StarterContent/Maps/Minimal_Default.Minimal_Default:PersistentLevel.Minimal_Default' with GeneratedClass '/Game/StarterContent/Maps/Minimal_Default.Minimal_Default_C' with ClassGeneratedBy '/Game/StarterContent/Maps/Minimal_Default.Minimal_Default:PersistentLevel.Minimal_Default'
[2018.11.05-07.59.24:354][136]LogCharacterMovement: Warning: GetSimulationTimeStep() - Max iterations 8 hit while remaining time 0.097293 > MaxSimulationTimeStep (0.050) for 'FuckinFollowBITCH_2', movement 'Walking'
[2018.11.05-07.59.27:588][207]LogBlueprintUserMessages: [BP_Character_2] 75.0
[2018.11.05-07.59.27:588][207]LogBlueprintUserMessages: [BP_Character_2] 50.0
[2018.11.05-07.59.27:622][208]LogBlueprintUserMessages: [BP_Character_2] 25.0
[2018.11.05-07.59.27:655][209]LogBlueprintUserMessages: [BP_Character_2] 0.0
[2018.11.05-07.59.28:835][282]LogBlueprintUserMessages: Early EndPlayMap Detection: Level '/Game/StarterContent/Maps/Minimal_Default.Minimal_Default:PersistentLevel' has LevelScriptBlueprint '/Game/StarterContent/Maps/Minimal_Default.Minimal_Default:PersistentLevel.Minimal_Default' with GeneratedClass '/Game/StarterContent/Maps/Minimal_Default.Minimal_Default_C' with ClassGeneratedBy '/Game/StarterContent/Maps/Minimal_Default.Minimal_Default:PersistentLevel.Minimal_Default'
[2018.11.05-07.59.28:836][282]LogSlate: Updating window title bar state: overlay mode, drag disabled, window buttons hidden, title bar hidden
[2018.11.05-07.59.28:884][282]LogSlate: Window 'ZanyHammerEX2 Game Preview Standalone (64-bit/PCD3D_SM5)' being destroyed
[2018.11.05-07.59.28:946][282]LogPlayLevel: Display: Shutting down PIE online subsystems
[2018.11.05-07.59.28:947][282]LogBlueprintUserMessages: Late EndPlayMap Detection: Level '/Game/StarterContent/Maps/Minimal_Default.Minimal_Default:PersistentLevel' has LevelScriptBlueprint '/Game/StarterContent/Maps/Minimal_Default.Minimal_Default:PersistentLevel.Minimal_Default' with GeneratedClass '/Game/StarterContent/Maps/Minimal_Default.Minimal_Default_C' with ClassGeneratedBy '/Game/StarterContent/Maps/Minimal_Default.Minimal_Default:PersistentLevel.Minimal_Default'
[2018.11.05-07.59.29:116][283]LogPlayLevel: Display: Destroying online subsystem :Context_6
[2018.11.05-07.59.30:632][328]LogTemp: Repeating last play command: New Editor Window (PIE)
[2018.11.05-07.59.30:682][328]LogBlueprintUserMessages: Early PlayInEditor Detection: Level '/Game/StarterContent/Maps/Minimal_Default.Minimal_Default:PersistentLevel' has LevelScriptBlueprint '/Game/StarterContent/Maps/Minimal_Default.Minimal_Default:PersistentLevel.Minimal_Default' with GeneratedClass '/Game/StarterContent/Maps/Minimal_Default.Minimal_Default_C' with ClassGeneratedBy '/Game/StarterContent/Maps/Minimal_Default.Minimal_Default:PersistentLevel.Minimal_Default'
[2018.11.05-07.59.30:682][328]LogPlayLevel: PlayLevel: No blueprints needed recompiling
[2018.11.05-07.59.30:682][328]PIE: New page: PIE session: Minimal_Default (Nov 4, 2018, 3:59:30 PM)
[2018.11.05-07.59.30:682][328]LogPlayLevel: Creating play world package: /Game/StarterContent/Maps/UEDPIE_0_Minimal_Default
[2018.11.05-07.59.30:819][328]LogPlayLevel: PIE: StaticDuplicateObject took: (0.136961s)
[2018.11.05-07.59.30:820][328]LogAIModule: Creating AISystem for world Minimal_Default
[2018.11.05-07.59.30:821][328]LogPlayLevel: PIE: World Init took: (0.001295s)
[2018.11.05-07.59.30:821][328]LogPlayLevel: PIE: Created PIE world by copying editor world from /Game/StarterContent/Maps/Minimal_Default.Minimal_Default to /Game/StarterContent/Maps/UEDPIE_0_Minimal_Default.Minimal_Default (0.138759s)
[2018.11.05-07.59.30:964][328]LogInit: XAudio2 using 'Speakers (High Definition Audio Device)' : 2 channels at 48 kHz using 32 bits per sample (channel mask 0x3)
[2018.11.05-07.59.30:977][328]LogInit: FAudioDevice initialized.
[2018.11.05-07.59.31:000][328]LogSlate: Updating window title bar state: overlay mode, drag disabled, window buttons hidden, title bar hidden
[2018.11.05-07.59.31:063][328]LogLoad: Game class is 'BP_GameMode_C'
[2018.11.05-07.59.31:134][328]LogWorld: Bringing World /Game/StarterContent/Maps/UEDPIE_0_Minimal_Default.Minimal_Default up for play (max tick rate 0) at 2018.11.04-23.59.31
[2018.11.05-07.59.31:138][328]LogWorld: Bringing up level for play took: 0.074040
[2018.11.05-07.59.31:158][328]PIE: Play in editor start time for /Game/StarterContent/Maps/UEDPIE_0_Minimal_Default -0.477
[2018.11.05-07.59.31:159][328]LogBlueprintUserMessages: Late PlayInEditor Detection: Level '/Game/StarterContent/Maps/Minimal_Default.Minimal_Default:PersistentLevel' has LevelScriptBlueprint '/Game/StarterContent/Maps/Minimal_Default.Minimal_Default:PersistentLevel.Minimal_Default' with GeneratedClass '/Game/StarterContent/Maps/Minimal_Default.Minimal_Default_C' with ClassGeneratedBy '/Game/StarterContent/Maps/Minimal_Default.Minimal_Default:PersistentLevel.Minimal_Default'
[2018.11.05-07.59.31:380][329]LogCharacterMovement: Warning: GetSimulationTimeStep() - Max iterations 8 hit while remaining time 0.096044 > MaxSimulationTimeStep (0.050) for 'FuckinFollowBITCH_2', movement 'Walking'
[2018.11.05-08.00.28:591][865]LogBlueprintUserMessages: Early EndPlayMap Detection: Level '/Game/StarterContent/Maps/Minimal_Default.Minimal_Default:PersistentLevel' has LevelScriptBlueprint '/Game/StarterContent/Maps/Minimal_Default.Minimal_Default:PersistentLevel.Minimal_Default' with GeneratedClass '/Game/StarterContent/Maps/Minimal_Default.Minimal_Default_C' with ClassGeneratedBy '/Game/StarterContent/Maps/Minimal_Default.Minimal_Default:PersistentLevel.Minimal_Default'
[2018.11.05-08.00.28:591][865]LogSlate: Updating window title bar state: overlay mode, drag disabled, window buttons hidden, title bar hidden
[2018.11.05-08.00.28:637][865]LogSlate: Window 'ZanyHammerEX2 Game Preview Standalone (64-bit/PCD3D_SM5)' being destroyed
[2018.11.05-08.00.28:739][865]LogPlayLevel: Display: Shutting down PIE online subsystems
[2018.11.05-08.00.28:740][865]LogBlueprintUserMessages: Late EndPlayMap Detection: Level '/Game/StarterContent/Maps/Minimal_Default.Minimal_Default:PersistentLevel' has LevelScriptBlueprint '/Game/StarterContent/Maps/Minimal_Default.Minimal_Default:PersistentLevel.Minimal_Default' with GeneratedClass '/Game/StarterContent/Maps/Minimal_Default.Minimal_Default_C' with ClassGeneratedBy '/Game/StarterContent/Maps/Minimal_Default.Minimal_Default:PersistentLevel.Minimal_Default'
[2018.11.05-08.00.28:915][866]LogPlayLevel: Display: Destroying online subsystem :Context_7
[2018.11.05-08.00.40:361][920]LogTemp: Repeating last play command: New Editor Window (PIE)
[2018.11.05-08.00.40:421][920]LogBlueprintUserMessages: Early PlayInEditor Detection: Level '/Game/StarterContent/Maps/Minimal_Default.Minimal_Default:PersistentLevel' has LevelScriptBlueprint '/Game/StarterContent/Maps/Minimal_Default.Minimal_Default:PersistentLevel.Minimal_Default' with GeneratedClass '/Game/StarterContent/Maps/Minimal_Default.Minimal_Default_C' with ClassGeneratedBy '/Game/StarterContent/Maps/Minimal_Default.Minimal_Default:PersistentLevel.Minimal_Default'
[2018.11.05-08.00.40:421][920]LogPlayLevel: PlayLevel: No blueprints needed recompiling
[2018.11.05-08.00.40:421][920]PIE: New page: PIE session: Minimal_Default (Nov 4, 2018, 4:00:40 PM)
[2018.11.05-08.00.40:421][920]LogPlayLevel: Creating play world package: /Game/StarterContent/Maps/UEDPIE_0_Minimal_Default
[2018.11.05-08.00.40:562][920]LogPlayLevel: PIE: StaticDuplicateObject took: (0.140476s)
[2018.11.05-08.00.40:563][920]LogAIModule: Creating AISystem for world Minimal_Default
[2018.11.05-08.00.40:563][920]LogPlayLevel: PIE: World Init took: (0.001289s)
[2018.11.05-08.00.40:564][920]LogPlayLevel: PIE: Created PIE world by copying editor world from /Game/StarterContent/Maps/Minimal_Default.Minimal_Default to /Game/StarterContent/Maps/UEDPIE_0_Minimal_Default.Minimal_Default (0.142437s)
[2018.11.05-08.00.40:722][920]LogInit: XAudio2 using 'Speakers (High Definition Audio Device)' : 2 channels at 48 kHz using 32 bits per sample (channel mask 0x3)
[2018.11.05-08.00.40:738][920]LogInit: FAudioDevice initialized.
[2018.11.05-08.00.40:762][920]LogSlate: Updating window title bar state: overlay mode, drag disabled, window buttons hidden, title bar hidden
[2018.11.05-08.00.40:818][920]LogLoad: Game class is 'BP_GameMode_C'
[2018.11.05-08.00.40:879][920]LogWorld: Bringing World /Game/StarterContent/Maps/UEDPIE_0_Minimal_Default.Minimal_Default up for play (max tick rate 0) at 2018.11.05-00.00.40
[2018.11.05-08.00.40:883][920]LogWorld: Bringing up level for play took: 0.063878
[2018.11.05-08.00.40:904][920]PIE: Play in editor start time for /Game/StarterContent/Maps/UEDPIE_0_Minimal_Default 1.269
[2018.11.05-08.00.40:905][920]LogBlueprintUserMessages: Late PlayInEditor Detection: Level '/Game/StarterContent/Maps/Minimal_Default.Minimal_Default:PersistentLevel' has LevelScriptBlueprint '/Game/StarterContent/Maps/Minimal_Default.Minimal_Default:PersistentLevel.Minimal_Default' with GeneratedClass '/Game/StarterContent/Maps/Minimal_Default.Minimal_Default_C' with ClassGeneratedBy '/Game/StarterContent/Maps/Minimal_Default.Minimal_Default:PersistentLevel.Minimal_Default'
[2018.11.05-08.00.41:179][921]LogCharacterMovement: Warning: GetSimulationTimeStep() - Max iterations 8 hit while remaining time 0.098358 > MaxSimulationTimeStep (0.050) for 'FuckinFollowBITCH_2', movement 'Walking'
[2018.11.05-08.01.17:657][693]LogBlueprintUserMessages: Early EndPlayMap Detection: Level '/Game/StarterContent/Maps/Minimal_Default.Minimal_Default:PersistentLevel' has LevelScriptBlueprint '/Game/StarterContent/Maps/Minimal_Default.Minimal_Default:PersistentLevel.Minimal_Default' with GeneratedClass '/Game/StarterContent/Maps/Minimal_Default.Minimal_Default_C' with ClassGeneratedBy '/Game/StarterContent/Maps/Minimal_Default.Minimal_Default:PersistentLevel.Minimal_Default'
[2018.11.05-08.01.17:658][693]LogSlate: Updating window title bar state: overlay mode, drag disabled, window buttons hidden, title bar hidden
[2018.11.05-08.01.17:700][693]LogSlate: Window 'ZanyHammerEX2 Game Preview Standalone (64-bit/PCD3D_SM5)' being destroyed
[2018.11.05-08.01.17:755][693]LogPlayLevel: Display: Shutting down PIE online subsystems
[2018.11.05-08.01.17:756][693]LogBlueprintUserMessages: Late EndPlayMap Detection: Level '/Game/StarterContent/Maps/Minimal_Default.Minimal_Default:PersistentLevel' has LevelScriptBlueprint '/Game/StarterContent/Maps/Minimal_Default.Minimal_Default:PersistentLevel.Minimal_Default' with GeneratedClass '/Game/StarterContent/Maps/Minimal_Default.Minimal_Default_C' with ClassGeneratedBy '/Game/StarterContent/Maps/Minimal_Default.Minimal_Default:PersistentLevel.Minimal_Default'
[2018.11.05-08.01.17:951][694]LogPlayLevel: Display: Destroying online subsystem :Context_8
[2018.11.05-08.01.27:180][994]LogSlate: FSceneViewport::OnFocusLost() reason 0
[2018.11.05-08.01.30:644][ 47]LogEditorViewport: Clicking on Actor (LMB): StaticMeshActor (Cube64)
[2018.11.05-08.01.31:360][ 56]Cmd: CAMERA ALIGN ACTIVEVIEWPORTONLY
[2018.11.05-08.02.20:594][602]LogEditorViewport: Clicking on Actor (LMB): DiscoBall_C (DiscoBall5)
[2018.11.05-08.06.15:464][520]LogSlate: FSceneViewport::OnFocusLost() reason 0
[2018.11.05-08.06.15:936][520]LogSlate: Window 'ZanyHammerEX2 - Unreal Editor' being destroyed
[2018.11.05-08.06.16:210][521]Cmd: QUIT_EDITOR
[2018.11.05-08.06.16:774][521]LogWindowsTextInputMethodSystem: Display: IME system now deactivated.
[2018.11.05-08.06.16:794][521]LogExit: Preparing to exit.
[2018.11.05-08.06.17:592][521]LogExit: Editor shut down
[2018.11.05-08.06.17:592][521]LogExit: Transaction tracking system shut down
[2018.11.05-08.06.18:332][521]LogExit: Object subsystem successfully closed.
[2018.11.05-08.06.18:359][521]LogShaderCompilers: Display: Shaders left to compile 0
[2018.11.05-08.06.18:366][521]LogD3D11RHI: Shutdown
[2018.11.05-08.06.18:366][521]LogD3D11RHI: CleanupD3DDevice
[2018.11.05-08.06.18:376][521]LogD3D11RHI: ~FD3D11DynamicRHI
[2018.11.05-08.06.18:409][521]LogModuleManager: Shutting down and abandoning module MovieSceneCapture (614)
[2018.11.05-08.06.18:409][521]LogModuleManager: Shutting down and abandoning module Voice (612)
[2018.11.05-08.06.18:409][521]LogModuleManager: Shutting down and abandoning module HierarchicalLODOutliner (610)
[2018.11.05-08.06.18:409][521]LogModuleManager: Shutting down and abandoning module SceneOutliner (608)
[2018.11.05-08.06.18:409][521]LogModuleManager: Shutting down and abandoning module AddContentDialog (606)
[2018.11.05-08.06.18:409][521]LogModuleManager: Shutting down and abandoning module WidgetCarousel (605)
[2018.11.05-08.06.18:409][521]LogModuleManager: Shutting down and abandoning module EditorWidgets (602)
[2018.11.05-08.06.18:409][521]LogModuleManager: Shutting down and abandoning module CollectionManager (600)
[2018.11.05-08.06.18:410][521]LogModuleManager: Shutting down and abandoning module StatsViewer (598)
[2018.11.05-08.06.18:410][521]LogModuleManager: Shutting down and abandoning module FoliageEdit (596)
[2018.11.05-08.06.18:410][521]LogModuleManager: Shutting down and abandoning module LandscapeEditor (594)
[2018.11.05-08.06.18:410][521]LogModuleManager: Shutting down and abandoning module MeshPaintMode (592)
[2018.11.05-08.06.18:410][521]LogModuleManager: Shutting down and abandoning module SceneDepthPickerMode (590)
[2018.11.05-08.06.18:410][521]LogModuleManager: Shutting down and abandoning module ActorPickerMode (588)
[2018.11.05-08.06.18:410][521]LogModuleManager: Shutting down and abandoning module GeometryMode (586)
[2018.11.05-08.06.18:410][521]LogModuleManager: Shutting down and abandoning module TextureAlignMode (584)
[2018.11.05-08.06.18:410][521]LogModuleManager: Shutting down and abandoning module BspMode (582)
[2018.11.05-08.06.18:410][521]LogModuleManager: Shutting down and abandoning module PIEPreviewDeviceProfileSelector (580)
[2018.11.05-08.06.18:410][521]LogModuleManager: Shutting down and abandoning module SequenceRecorderSections (578)
[2018.11.05-08.06.18:410][521]LogModuleManager: Shutting down and abandoning module AutomationWorker (576)
[2018.11.05-08.06.18:410][521]LogModuleManager: Shutting down and abandoning module AudioCaptureEditor (574)
[2018.11.05-08.06.18:410][521]LogModuleManager: Shutting down and abandoning module SequenceRecorder (573)
[2018.11.05-08.06.18:410][521]LogModuleManager: Shutting down and abandoning module MatineeToLevelSequence (570)
[2018.11.05-08.06.18:410][521]LogModuleManager: Shutting down and abandoning module LevelSequenceEditor (568)
[2018.11.05-08.06.18:410][521]LogModuleManager: Shutting down and abandoning module PlacementMode (567)
[2018.11.05-08.06.18:410][521]LogModuleManager: Shutting down and abandoning module MaterialEditor (566)
[2018.11.05-08.06.18:410][521]LogModuleManager: Shutting down and abandoning module WmfMediaFactory (562)
[2018.11.05-08.06.18:410][521]LogModuleManager: Shutting down and abandoning module WmfMediaEditor (560)
[2018.11.05-08.06.18:410][521]LogModuleManager: Shutting down and abandoning module MediaPlayerEditor (558)
[2018.11.05-08.06.18:410][521]LogModuleManager: Shutting down and abandoning module OpenExrWrapper (556)
[2018.11.05-08.06.18:410][521]LogModuleManager: Shutting down and abandoning module ImgMediaFactory (554)
[2018.11.05-08.06.18:410][521]LogModuleManager: Shutting down and abandoning module ImgMediaEditor (552)
[2018.11.05-08.06.18:410][521]LogModuleManager: Shutting down and abandoning module AvfMediaFactory (550)
[2018.11.05-08.06.18:410][521]LogModuleManager: Shutting down and abandoning module AvfMediaEditor (548)
[2018.11.05-08.06.18:410][521]LogModuleManager: Shutting down and abandoning module AndroidMediaFactory (546)
[2018.11.05-08.06.18:410][521]LogModuleManager: Shutting down and abandoning module AndroidMediaEditor (544)
[2018.11.05-08.06.18:410][521]LogModuleManager: Shutting down and abandoning module MagicLeapCameraPreviewFactory (542)
[2018.11.05-08.06.18:411][521]LogModuleManager: Shutting down and abandoning module MagicLeapMediaFactory (540)
[2018.11.05-08.06.18:411][521]LogModuleManager: Shutting down and abandoning module MagicLeapMediaEditor (538)
[2018.11.05-08.06.18:411][521]LogModuleManager: Shutting down and abandoning module CharacterAI (536)
[2018.11.05-08.06.18:411][521]LogModuleManager: Shutting down and abandoning module SmartSnapping (534)
[2018.11.05-08.06.18:411][521]LogModuleManager: Shutting down and abandoning module SessionServices (532)
[2018.11.05-08.06.18:411][521]LogModuleManager: Shutting down and abandoning module ViewportSnapping (530)
[2018.11.05-08.06.18:411][521]LogModuleManager: Shutting down and abandoning module ViewportInteraction (528)
[2018.11.05-08.06.18:411][521]LogModuleManager: Shutting down and abandoning module ClothPainter (526)
[2018.11.05-08.06.18:411][521]LogModuleManager: Shutting down and abandoning module SkeletalMeshEditor (525)
[2018.11.05-08.06.18:411][521]LogModuleManager: Shutting down and abandoning module LogVisualizer (522)
[2018.11.05-08.06.18:411][521]LogModuleManager: Shutting down and abandoning module IntroTutorials (520)
[2018.11.05-08.06.18:411][521]LogModuleManager: Shutting down and abandoning module GameProjectGeneration (519)
[2018.11.05-08.06.18:411][521]LogModuleManager: Shutting down and abandoning module LuminPlatformEditor (516)
[2018.11.05-08.06.18:411][521]LogModuleManager: Shutting down and abandoning module IOSPlatformEditor (514)
[2018.11.05-08.06.18:411][521]LogModuleManager: Shutting down and abandoning module HTML5PlatformEditor (512)
[2018.11.05-08.06.18:411][521]LogModuleManager: Shutting down and abandoning module AndroidPlatformEditor (510)
[2018.11.05-08.06.18:411][521]LogModuleManager: Shutting down and abandoning module AndroidDeviceDetection (509)
[2018.11.05-08.06.19:089][521]LogModuleManager: Shutting down and abandoning module WindowsPlatformEditor (506)
[2018.11.05-08.06.19:090][521]LogModuleManager: Shutting down and abandoning module LuminRuntimeSettings (504)
[2018.11.05-08.06.19:090][521]LogModuleManager: Shutting down and abandoning module IOSRuntimeSettings (502)
[2018.11.05-08.06.19:090][521]LogModuleManager: Shutting down and abandoning module AndroidRuntimeSettings (500)
[2018.11.05-08.06.19:090][521]LogModuleManager: Shutting down and abandoning module InputBindingEditor (498)
[2018.11.05-08.06.19:090][521]LogModuleManager: Shutting down and abandoning module MergeActors (496)
[2018.11.05-08.06.19:090][521]LogModuleManager: Shutting down and abandoning module LocalizationDashboard (494)
[2018.11.05-08.06.19:090][521]LogModuleManager: Shutting down and abandoning module LocalizationService (493)
[2018.11.05-08.06.19:090][521]LogModuleManager: Shutting down and abandoning module HardwareTargeting (490)
[2018.11.05-08.06.19:090][521]LogModuleManager: Shutting down and abandoning module DeviceProfileEditor (488)
[2018.11.05-08.06.19:090][521]LogModuleManager: Shutting down and abandoning module UndoHistory (486)
[2018.11.05-08.06.19:090][521]LogModuleManager: Shutting down and abandoning module XmlParser (484)
[2018.11.05-08.06.19:090][521]LogModuleManager: Shutting down and abandoning module Blutility (482)
[2018.11.05-08.06.19:090][521]LogModuleManager: Shutting down and abandoning module ProjectSettingsViewer (480)
[2018.11.05-08.06.19:090][521]LogModuleManager: Shutting down and abandoning module ProjectTargetPlatformEditor (479)
[2018.11.05-08.06.19:090][521]LogModuleManager: Shutting down and abandoning module EditorSettingsViewer (476)
[2018.11.05-08.06.19:090][521]LogModuleManager: Shutting down and abandoning module SettingsEditor (474)
[2018.11.05-08.06.19:090][521]LogModuleManager: Shutting down and abandoning module ProjectLauncher (472)
[2018.11.05-08.06.19:090][521]LogModuleManager: Shutting down and abandoning module SessionFrontend (470)
[2018.11.05-08.06.19:090][521]LogModuleManager: Shutting down and abandoning module ProfilerClient (468)
[2018.11.05-08.06.19:090][521]LogModuleManager: Shutting down and abandoning module DeviceManager (466)
[2018.11.05-08.06.19:090][521]LogModuleManager: Shutting down and abandoning module TargetDeviceServices (465)
[2018.11.05-08.06.19:145][521]LogModuleManager: Shutting down and abandoning module AutomationController (462)
[2018.11.05-08.06.19:145][521]LogModuleManager: Shutting down and abandoning module AutomationWindow (460)
[2018.11.05-08.06.19:145][521]LogModuleManager: Shutting down and abandoning module Layers (458)
[2018.11.05-08.06.19:145][521]LogModuleManager: Shutting down and abandoning module ComponentVisualizers (456)
[2018.11.05-08.06.19:145][521]LogModuleManager: Shutting down and abandoning module DetailCustomizations (454)
[2018.11.05-08.06.19:145][521]LogModuleManager: Shutting down and abandoning module PackagesDialog (452)
[2018.11.05-08.06.19:145][521]LogModuleManager: Shutting down and abandoning module Persona (450)
[2018.11.05-08.06.19:145][521]LogModuleManager: Shutting down and abandoning module AdvancedPreviewScene (449)
[2018.11.05-08.06.19:145][521]LogModuleManager: Shutting down and abandoning module AnimGraph (447)
[2018.11.05-08.06.19:145][521]LogModuleManager: Shutting down and abandoning module Kismet (444)
[2018.11.05-08.06.19:146][521]LogModuleManager: Shutting down and abandoning module GraphEditor (442)
[2018.11.05-08.06.19:146][521]LogModuleManager: Shutting down and abandoning module ClassViewer (440)
[2018.11.05-08.06.19:146][521]LogModuleManager: Shutting down and abandoning module Toolbox (438)
[2018.11.05-08.06.19:146][521]LogModuleManager: Shutting down and abandoning module ModuleUI (436)
[2018.11.05-08.06.19:146][521]LogModuleManager: Shutting down and abandoning module MovieSceneTools (434)
[2018.11.05-08.06.19:146][521]LogModuleManager: Shutting down and abandoning module OutputLog (432)
[2018.11.05-08.06.19:146][521]LogModuleManager: Shutting down and abandoning module GammaUI (430)
[2018.11.05-08.06.19:146][521]LogModuleManager: Shutting down and abandoning module Documentation (428)
[2018.11.05-08.06.19:146][521]LogModuleManager: Shutting down and abandoning module MovieSceneTracks (426)
[2018.11.05-08.06.19:146][521]LogModuleManager: Shutting down and abandoning module MovieScene (424)
[2018.11.05-08.06.19:146][521]LogModuleManager: Shutting down and abandoning module StreamingPauseRendering (422)
[2018.11.05-08.06.19:146][521]LogModuleManager: Shutting down and abandoning module LauncherPlatform (420)
[2018.11.05-08.06.19:146][521]LogModuleManager: Shutting down and abandoning module AnalyticsET (418)
[2018.11.05-08.06.19:146][521]LogModuleManager: Shutting down and abandoning module PortalServices (416)
[2018.11.05-08.06.19:146][521]LogModuleManager: Shutting down and abandoning module PortalRpc (414)
[2018.11.05-08.06.19:146][521]LogModuleManager: Shutting down and abandoning module MessagingRpc (412)
[2018.11.05-08.06.19:146][521]LogModuleManager: Shutting down and abandoning module AIModule (410)
[2018.11.05-08.06.19:146][521]LogModuleManager: Shutting down and abandoning module GameplayDebugger (409)
[2018.11.05-08.06.19:146][521]LogModuleManager: Shutting down and abandoning module AITestSuite (407)
[2018.11.05-08.06.19:146][521]LogModuleManager: Shutting down and abandoning module NavigationSystem (405)
[2018.11.05-08.06.19:146][521]LogModuleManager: Shutting down and abandoning module DesktopPlatform (402)
[2018.11.05-08.06.19:147][521]LogModuleManager: Shutting down and abandoning module ProfilerService (400)
[2018.11.05-08.06.19:221][521]LogModuleManager: Shutting down and abandoning module TaskGraph (398)
[2018.11.05-08.06.19:221][521]LogModuleManager: Shutting down and abandoning module SteamVRController (396)
[2018.11.05-08.06.19:222][521]LogModuleManager: Shutting down and abandoning module ProceduralMeshComponentEditor (394)
[2018.11.05-08.06.19:222][521]LogModuleManager: Shutting down and abandoning module ProceduralMeshComponent (392)
[2018.11.05-08.06.19:222][521]LogModuleManager: Shutting down and abandoning module OculusInput (390)
[2018.11.05-08.06.19:222][521]LogModuleManager: Shutting down and abandoning module MobilePatchingUtils (388)
[2018.11.05-08.06.19:222][521]LogModuleManager: Shutting down and abandoning module EditableMesh (386)
[2018.11.05-08.06.19:222][521]LogModuleManager: Shutting down and abandoning module CustomMeshComponent (384)
[2018.11.05-08.06.19:222][521]LogModuleManager: Shutting down and abandoning module CableComponent (382)
[2018.11.05-08.06.19:222][521]LogModuleManager: Shutting down and abandoning module AudioCapture (380)
[2018.11.05-08.06.19:222][521]LogModuleManager: Shutting down and abandoning module ArchVisCharacter (378)
[2018.11.05-08.06.19:222][521]LogModuleManager: Shutting down and abandoning module AndroidPermission (376)
[2018.11.05-08.06.19:222][521]LogModuleManager: Shutting down and abandoning module NUTUnrealEngine4 (374)
[2018.11.05-08.06.19:222][521]LogModuleManager: Shutting down and abandoning module NetcodeUnitTest (372)
[2018.11.05-08.06.19:222][521]LogModuleManager: Shutting down and abandoning module MediaCompositingEditor (370)
[2018.11.05-08.06.19:222][521]LogModuleManager: Shutting down and abandoning module MediaCompositing (368)
[2018.11.05-08.06.19:222][521]LogModuleManager: Shutting down and abandoning module LinearTimecode (366)
[2018.11.05-08.06.19:222][521]LogModuleManager: Shutting down and abandoning module ImgMedia (364)
[2018.11.05-08.06.19:226][521]LogModuleManager: Shutting down and abandoning module HTML5Networking (362)
[2018.11.05-08.06.19:226][521]LogModuleManager: Shutting down and abandoning module GeometryCacheTracks (360)
[2018.11.05-08.06.19:226][521]LogModuleManager: Shutting down and abandoning module GeometryCacheSequencer (358)
[2018.11.05-08.06.19:227][521]LogModuleManager: Shutting down and abandoning module BackChannel (356)
[2018.11.05-08.06.19:227][521]LogModuleManager: Shutting down and abandoning module AppleVision (354)
[2018.11.05-08.06.19:227][521]LogModuleManager: Shutting down and abandoning module AppleImageUtils (352)
[2018.11.05-08.06.19:227][521]LogModuleManager: Shutting down and abandoning module AlembicImporter (350)
[2018.11.05-08.06.19:227][521]LogModuleManager: Shutting down and abandoning module AlembicLibrary (349)
[2018.11.05-08.06.19:227][521]LogModuleManager: Shutting down and abandoning module GeometryCache (348)
[2018.11.05-08.06.19:227][521]LogModuleManager: Shutting down and abandoning module GeometryCacheEd (347)
[2018.11.05-08.06.19:227][521]LogModuleManager: Shutting down and abandoning module DatasmithContentEditor (342)
[2018.11.05-08.06.19:227][521]LogModuleManager: Shutting down and abandoning module DatasmithContent (340)
[2018.11.05-08.06.19:228][521]LogModuleManager: Shutting down and abandoning module SpeedTreeImporter (338)
[2018.11.05-08.06.19:228][521]LogModuleManager: Shutting down and abandoning module PluginBrowser (336)
[2018.11.05-08.06.19:228][521]LogModuleManager: Shutting down and abandoning module MobileLauncherProfileWizard (334)
[2018.11.05-08.06.19:228][521]LogModuleManager: Shutting down and abandoning module PolygonModeling (332)
[2018.11.05-08.06.19:228][521]LogModuleManager: Shutting down and abandoning module MeshEditor (330)
[2018.11.05-08.06.19:229][521]LogModuleManager: Shutting down and abandoning module CryptoKeysOpenSSL (328)
[2018.11.05-08.06.19:229][521]LogModuleManager: Shutting down and abandoning module CryptoKeys (326)
[2018.11.05-08.06.19:229][521]LogModuleManager: Shutting down and abandoning module VisualStudioSourceCodeAccess (324)
[2018.11.05-08.06.19:229][521]LogModuleManager: Shutting down and abandoning module VisualStudioCodeSourceCodeAccess (322)
[2018.11.05-08.06.19:229][521]LogModuleManager: Shutting down and abandoning module UObjectPlugin (320)
[2018.11.05-08.06.19:229][521]LogModuleManager: Shutting down and abandoning module SubversionSourceControl (318)
[2018.11.05-08.06.19:229][521]LogModuleManager: Shutting down and abandoning module PerforceSourceControl (316)
[2018.11.05-08.06.19:229][521]LogModuleManager: Shutting down and abandoning module GitSourceControl (314)
[2018.11.05-08.06.19:229][521]LogModuleManager: Shutting down and abandoning module SourceControl (313)
[2018.11.05-08.06.19:229][521]LogModuleManager: Shutting down and abandoning module CLionSourceCodeAccess (310)
[2018.11.05-08.06.19:229][521]LogModuleManager: Shutting down and abandoning module LightPropagationVolumeEditor (308)
[2018.11.05-08.06.19:229][521]LogModuleManager: Shutting down and abandoning module PaperTiledImporter (306)
[2018.11.05-08.06.19:229][521]LogModuleManager: Shutting down and abandoning module PaperSpriteSheetImporter (304)
[2018.11.05-08.06.19:229][521]LogModuleManager: Shutting down and abandoning module Paper2DEditor (302)
[2018.11.05-08.06.19:229][521]LogModuleManager: Shutting down and abandoning module MeshPaint (301)
[2018.11.05-08.06.19:229][521]LogModuleManager: Shutting down and abandoning module RuntimePhysXCooking (298)
[2018.11.05-08.06.19:229][521]LogModuleManager: Shutting down and abandoning module PhysXVehiclesEditor (296)
[2018.11.05-08.06.19:229][521]LogModuleManager: Shutting down and abandoning module PhysXVehicles (294)
[2018.11.05-08.06.19:229][521]LogModuleManager: Shutting down and abandoning module OculusEditor (292)
[2018.11.05-08.06.19:229][521]LogModuleManager: Shutting down and abandoning module LocationServicesBPLibrary (290)
[2018.11.05-08.06.19:229][521]LogModuleManager: Shutting down and abandoning module ImmediatePhysicsEditor (288)
[2018.11.05-08.06.19:229][521]LogModuleManager: Shutting down and abandoning module ImmediatePhysics (286)
[2018.11.05-08.06.19:229][521]LogModuleManager: Shutting down and abandoning module ActorSequence (284)
[2018.11.05-08.06.19:229][521]LogModuleManager: Shutting down and abandoning module UdpMessaging (282)
[2018.11.05-08.06.19:330][521]LogModuleManager: Shutting down and abandoning module TcpMessaging (280)
[2018.11.05-08.06.19:431][521]LogModuleManager: Shutting down and abandoning module MagicLeapAudio (278)
[2018.11.05-08.06.19:431][521]LogModuleManager: Shutting down and abandoning module GameplayTagsEditor (276)
[2018.11.05-08.06.19:431][521]LogModuleManager: Shutting down and abandoning module FacialAnimationEditor (274)
[2018.11.05-08.06.19:431][521]LogModuleManager: Shutting down and abandoning module FacialAnimation (272)
[2018.11.05-08.06.19:431][521]LogModuleManager: Shutting down and abandoning module DataValidation (270)
[2018.11.05-08.06.19:431][521]LogModuleManager: Shutting down and abandoning module AssetManagerEditor (268)
[2018.11.05-08.06.19:431][521]LogModuleManager: Shutting down and abandoning module LevelEditor (267)
[2018.11.05-08.06.19:432][521]LogModuleManager: Shutting down and abandoning module PixelInspectorModule (266)
[2018.11.05-08.06.19:432][521]LogModuleManager: Shutting down and abandoning module CommonMenuExtensions (264)
[2018.11.05-08.06.19:432][521]LogModuleManager: Shutting down and abandoning module MainFrame (262)
[2018.11.05-08.06.19:432][521]LogModuleManager: Shutting down and abandoning module HotReload (261)
[2018.11.05-08.06.19:433][521]LogModuleManager: Shutting down and abandoning module ContentBrowser (257)
[2018.11.05-08.06.19:435][521]LogModuleManager: Shutting down and abandoning module TreeMap (255)
[2018.11.05-08.06.19:435][521]LogModuleManager: Shutting down and abandoning module LightPropagationVolumeRuntime (252)
[2018.11.05-08.06.19:435][521]LogModuleManager: Shutting down and abandoning module AISupportModule (250)
[2018.11.05-08.06.19:435][521]LogModuleManager: Shutting down and abandoning module Paper2D (248)
[2018.11.05-08.06.19:435][521]LogModuleManager: Shutting down and abandoning module WindowsMoviePlayer (246)
[2018.11.05-08.06.19:435][521]LogModuleManager: Shutting down and abandoning module WmfMedia (244)
[2018.11.05-08.06.19:437][521]LogModuleManager: Shutting down and abandoning module Media (243)
[2018.11.05-08.06.19:444][521]LogModuleManager: Shutting down and abandoning module PacketHandler (240)
[2018.11.05-08.06.19:444][521]LogModuleManager: Shutting down and abandoning module ClothingSystemEditor (238)
[2018.11.05-08.06.19:444][521]LogModuleManager: Shutting down and abandoning module ClothingSystemRuntime (236)
[2018.11.05-08.06.19:444][521]LogModuleManager: Shutting down and abandoning module MediaAssets (234)
[2018.11.05-08.06.19:444][521]LogModuleManager: Shutting down and abandoning module Overlay (232)
[2018.11.05-08.06.19:444][521]LogModuleManager: Shutting down and abandoning module OverlayEditor (231)
[2018.11.05-08.06.19:444][521]LogModuleManager: Shutting down and abandoning module VREditor (228)
[2018.11.05-08.06.19:444][521]LogModuleManager: Shutting down and abandoning module StringTableEditor (226)
[2018.11.05-08.06.19:444][521]LogModuleManager: Shutting down and abandoning module GameplayTasksEditor (224)
[2018.11.05-08.06.19:444][521]LogModuleManager: Shutting down and abandoning module BehaviorTreeEditor (222)
[2018.11.05-08.06.19:444][521]LogModuleManager: Shutting down and abandoning module FunctionalTesting (220)
[2018.11.05-08.06.19:444][521]LogModuleManager: Shutting down and abandoning module CollisionAnalyzer (218)
[2018.11.05-08.06.19:444][521]LogModuleManager: Shutting down and abandoning module WorkspaceMenuStructure (217)
[2018.11.05-08.06.19:444][521]LogModuleManager: Shutting down and abandoning module UMG (214)
[2018.11.05-08.06.19:444][521]LogModuleManager: Shutting down and abandoning module UMGEditor (213)
[2018.11.05-08.06.19:445][521]LogModuleManager: Shutting down and abandoning module Sequencer (212)
[2018.11.05-08.06.19:445][521]LogModuleManager: Shutting down and abandoning module MessageLog (209)
[2018.11.05-08.06.19:445][521]LogModuleManager: Shutting down and abandoning module SlateReflector (204)
[2018.11.05-08.06.19:445][521]LogModuleManager: Shutting down and abandoning module Slate (202)
[2018.11.05-08.06.19:445][521]LogModuleManager: Shutting down and abandoning module EditorStyle (200)
[2018.11.05-08.06.19:447][521]LogModuleManager: Shutting down and abandoning module MRMesh (198)
[2018.11.05-08.06.19:447][521]LogModuleManager: Shutting down and abandoning module SourceCodeAccess (196)
[2018.11.05-08.06.19:447][521]LogModuleManager: Shutting down and abandoning module HeadMountedDisplay (194)
[2018.11.05-08.06.19:447][521]LogModuleManager: Shutting down and abandoning module XAudio2 (192)
[2018.11.05-08.06.19:447][521]LogModuleManager: Shutting down and abandoning module Networking (190)
[2018.11.05-08.06.19:447][521]LogModuleManager: Shutting down and abandoning module Core (188)
[2018.11.05-08.06.19:447][521]LogModuleManager: Shutting down and abandoning module LevelSequence (186)
[2018.11.05-08.06.19:447][521]LogModuleManager: Shutting down and abandoning module KismetCompiler (184)
[2018.11.05-08.06.19:447][521]LogModuleManager: Shutting down and abandoning module MeshUtilities (182)
[2018.11.05-08.06.19:447][521]LogModuleManager: Shutting down and abandoning module MeshMergeUtilities (181)
[2018.11.05-08.06.19:447][521]LogModuleManager: Shutting down and abandoning module MeshReductionInterface (180)
[2018.11.05-08.06.19:447][521]LogModuleManager: Shutting down and abandoning module SimplygonSwarm (179)
[2018.11.05-08.06.19:447][521]LogModuleManager: Shutting down and abandoning module ProxyLODMeshReduction (177)
[2018.11.05-08.06.19:447][521]LogModuleManager: Shutting down and abandoning module SimplygonMeshReduction (175)
[2018.11.05-08.06.19:448][521]LogModuleManager: Shutting down and abandoning module QuadricMeshReduction (173)
[2018.11.05-08.06.19:448][521]LogModuleManager: Shutting down and abandoning module MaterialBaking (169)
[2018.11.05-08.06.19:448][521]LogModuleManager: Shutting down and abandoning module DirectoryWatcher (165)
[2018.11.05-08.06.19:448][521]LogModuleManager: Shutting down and abandoning module DerivedDataCache (162)
[2018.11.05-08.06.19:510][521]LogDerivedDataCache: Shutdown
[2018.11.05-08.06.19:510][521]LogModuleManager: Shutting down and abandoning module XGEController (160)
[2018.11.05-08.06.19:511][521]LogModuleManager: Shutting down and abandoning module TargetPlatform (158)
[2018.11.05-08.06.19:511][521]LogModuleManager: Shutting down and abandoning module VulkanShaderFormat (157)
[2018.11.05-08.06.19:511][521]LogModuleManager: Shutting down and abandoning module ShaderFormatVectorVM (155)
[2018.11.05-08.06.19:511][521]LogModuleManager: Shutting down and abandoning module ShaderFormatOpenGL (153)
[2018.11.05-08.06.19:511][521]LogModuleManager: Shutting down and abandoning module ShaderFormatD3D (151)
[2018.11.05-08.06.19:511][521]LogModuleManager: Shutting down and abandoning module MetalShaderFormat (149)
[2018.11.05-08.06.19:511][521]LogModuleManager: Shutting down and abandoning module TextureFormatUncompressed (147)
[2018.11.05-08.06.19:511][521]LogModuleManager: Shutting down and abandoning module TextureFormatPVR (145)
[2018.11.05-08.06.19:511][521]LogModuleManager: Shutting down and abandoning module TextureFormatDXT (143)
[2018.11.05-08.06.19:511][521]LogModuleManager: Shutting down and abandoning module TextureFormatIntelISPCTexComp (141)
[2018.11.05-08.06.19:511][521]LogModuleManager: Shutting down and abandoning module TextureFormatASTC (139)
[2018.11.05-08.06.19:511][521]LogModuleManager: Shutting down and abandoning module ImageWrapper (138)
[2018.11.05-08.06.19:511][521]LogModuleManager: Shutting down and abandoning module TextureFormatAndroid (135)
[2018.11.05-08.06.19:511][521]LogModuleManager: Shutting down and abandoning module AudioFormatOpus (133)
[2018.11.05-08.06.19:511][521]LogModuleManager: Shutting down and abandoning module AudioFormatOgg (131)
[2018.11.05-08.06.19:511][521]LogModuleManager: Shutting down and abandoning module AudioFormatADPCM (129)
[2018.11.05-08.06.19:511][521]LogModuleManager: Shutting down and abandoning module LuminTargetPlatform (127)
[2018.11.05-08.06.19:511][521]LogModuleManager: Shutting down and abandoning module LinuxTargetPlatform (125)
[2018.11.05-08.06.19:511][521]LogModuleManager: Shutting down and abandoning module LinuxServerTargetPlatform (123)
[2018.11.05-08.06.19:511][521]LogModuleManager: Shutting down and abandoning module LinuxNoEditorTargetPlatform (121)
[2018.11.05-08.06.19:511][521]LogModuleManager: Shutting down and abandoning module LinuxClientTargetPlatform (119)
[2018.11.05-08.06.19:511][521]LogModuleManager: Shutting down and abandoning module TVOSTargetPlatform (117)
[2018.11.05-08.06.19:512][521]LogModuleManager: Shutting down and abandoning module Messaging (115)
[2018.11.05-08.06.19:512][521]LogModuleManager: Shutting down and abandoning module IOSTargetPlatform (113)
[2018.11.05-08.06.19:513][521]LogModuleManager: Shutting down and abandoning module HTML5TargetPlatform (111)
[2018.11.05-08.06.19:513][521]LogModuleManager: Shutting down and abandoning module AndroidTargetPlatform (109)
[2018.11.05-08.06.19:522][521]LogModuleManager: Shutting down and abandoning module WindowsTargetPlatform (107)
[2018.11.05-08.06.19:522][521]LogModuleManager: Shutting down and abandoning module WindowsServerTargetPlatform (105)
[2018.11.05-08.06.19:522][521]LogModuleManager: Shutting down and abandoning module WindowsNoEditorTargetPlatform (103)
[2018.11.05-08.06.19:522][521]LogModuleManager: Shutting down and abandoning module WindowsClientTargetPlatform (101)
[2018.11.05-08.06.19:522][521]LogModuleManager: Shutting down and abandoning module MacTargetPlatform (99)
[2018.11.05-08.06.19:522][521]LogModuleManager: Shutting down and abandoning module MacServerTargetPlatform (97)
[2018.11.05-08.06.19:522][521]LogModuleManager: Shutting down and abandoning module MacNoEditorTargetPlatform (95)
[2018.11.05-08.06.19:522][521]LogModuleManager: Shutting down and abandoning module MacClientTargetPlatform (93)
[2018.11.05-08.06.19:522][521]LogModuleManager: Shutting down and abandoning module AllDesktopTargetPlatform (91)
[2018.11.05-08.06.19:522][521]LogModuleManager: Shutting down and abandoning module InputCore (88)
[2018.11.05-08.06.19:522][521]LogModuleManager: Shutting down and abandoning module Settings (86)
[2018.11.05-08.06.19:522][521]LogModuleManager: Shutting down and abandoning module PhysXCooking (84)
[2018.11.05-08.06.19:522][521]LogModuleManager: Shutting down and abandoning module SteamVR (82)
[2018.11.05-08.06.19:523][521]LogModuleManager: Shutting down and abandoning module OculusHMD (80)
[2018.11.05-08.06.19:523][521]LogModuleManager: Shutting down and abandoning module ExampleDeviceProfileSelector (78)
[2018.11.05-08.06.19:523][521]LogModuleManager: Shutting down and abandoning module LauncherChunkInstaller (76)
[2018.11.05-08.06.19:523][521]LogModuleManager: Shutting down and abandoning module OnlineBlueprintSupport (74)
[2018.11.05-08.06.19:523][521]LogModuleManager: Shutting down and abandoning module OnlineSubsystem (70)
[2018.11.05-08.06.19:524][521]LogModuleManager: Shutting down and abandoning module XMPP (65)
[2018.11.05-08.06.19:524][521]LogModuleManager: Shutting down and abandoning module WebSockets (64)
[2018.11.05-08.06.19:536][521]LogModuleManager: Shutting down and abandoning module HTTP (61)
[2018.11.05-08.06.19:536][521]LogHttp: Display: Http module shutting down, but needs to wait on 1 outstanding Http requests:
[2018.11.05-08.06.19:536][521]LogHttp: Display: 	verb=[POST] url=[https://datarouter.ol.epicgames.com/datarouter/api/v1/public/data?SessionID=%7BA8431BAC-446B-5DCC-8C4E-68A797649812%7D&AppID=UEEditor.Rocket.Release&AppVersion=4.20.3-4369336%2B%2B%2BUE4%2BRelease-4.20&UserID=d5e4805c4d7fad25e7ba4ead99385972%7C9a84fd7c80704223b6b09267d5a872bf%7Cde0fd7b9-ffd8-4d43-8b7b-38e9a919f353&AppEnvironment=datacollector-binary&UploadType=eteventstream] status=Processing
[2018.11.05-08.06.19:553][521]LogModuleManager: Shutting down and abandoning module SSL (60)
[2018.11.05-08.06.19:555][521]LogModuleManager: Shutting down and abandoning module MagicLeapEmulator (56)
[2018.11.05-08.06.19:555][521]LogModuleManager: Shutting down and abandoning module MagicLeapPrivileges (54)
[2018.11.05-08.06.19:555][521]LogModuleManager: Shutting down and abandoning module MagicLeapIdentity (52)
[2018.11.05-08.06.19:555][521]LogModuleManager: Shutting down and abandoning module MagicLeapHelperVulkan (50)
[2018.11.05-08.06.19:555][521]LogModuleManager: Shutting down and abandoning module MagicLeapHelperOpenGL (48)
[2018.11.05-08.06.19:555][521]LogModuleManager: Shutting down and abandoning module MagicLeapSecureStorage (46)
[2018.11.05-08.06.19:555][521]LogModuleManager: Shutting down and abandoning module MagicLeapGestures (44)
[2018.11.05-08.06.19:555][521]LogModuleManager: Shutting down and abandoning module MagicLeapEyeTracker (42)
[2018.11.05-08.06.19:555][521]LogModuleManager: Shutting down and abandoning module MagicLeapController (40)
[2018.11.05-08.06.19:555][521]LogSlate: Slate User Destroyed.  User Index 0, Is Virtual User: 0
[2018.11.05-08.06.19:555][521]LogModuleManager: Shutting down and abandoning module MagicLeap (38)
[2018.11.05-08.06.19:555][521]LogModuleManager: Shutting down and abandoning module AnimationModifiers (36)
[2018.11.05-08.06.19:555][521]LogModuleManager: Shutting down and abandoning module PropertyEditor (35)
[2018.11.05-08.06.19:555][521]LogModuleManager: Shutting down and abandoning module AudioEditor (32)
[2018.11.05-08.06.19:555][521]LogModuleManager: Shutting down and abandoning module TextureCompressor (30)
[2018.11.05-08.06.19:555][521]LogModuleManager: Shutting down and abandoning module ShaderCore (28)
[2018.11.05-08.06.19:555][521]LogModuleManager: Shutting down and abandoning module Landscape (26)
[2018.11.05-08.06.19:556][521]LogModuleManager: Shutting down and abandoning module SlateRHIRenderer (24)
[2018.11.05-08.06.19:556][521]LogModuleManager: Shutting down and abandoning module OpenGLDrv (22)
[2018.11.05-08.06.19:556][521]LogModuleManager: Shutting down and abandoning module D3D11RHI (20)
[2018.11.05-08.06.19:556][521]LogModuleManager: Shutting down and abandoning module AnimGraphRuntime (18)
[2018.11.05-08.06.19:556][521]LogModuleManager: Shutting down and abandoning module Renderer (16)
[2018.11.05-08.06.19:556][521]LogModuleManager: Shutting down and abandoning module Engine (14)
[2018.11.05-08.06.19:556][521]LogModuleManager: Shutting down and abandoning module CoreUObject (12)
[2018.11.05-08.06.19:556][521]LogModuleManager: Shutting down and abandoning module NetworkFile (10)
[2018.11.05-08.06.19:556][521]LogModuleManager: Shutting down and abandoning module CookedIterativeFile (8)
[2018.11.05-08.06.19:556][521]LogModuleManager: Shutting down and abandoning module StreamingFile (6)
[2018.11.05-08.06.19:556][521]LogModuleManager: Shutting down and abandoning module SandboxFile (4)
[2018.11.05-08.06.19:556][521]LogModuleManager: Shutting down and abandoning module PakFile (2)
[2018.11.05-08.06.19:564][521]LogExit: Exiting.
[2018.11.05-08.06.19:576][521]Log file closed, 11/05/18 00:06:19
